{"/home/travis/build/npmtest/node-npmtest-esdoc/test.js":{"path":"/home/travis/build/npmtest/node-npmtest-esdoc/test.js","s":{"1":2,"2":2,"3":2,"4":2,"5":2,"6":2,"7":2,"8":1,"9":2,"10":2,"11":1,"12":1,"13":1,"14":1,"15":2,"16":2,"17":2,"18":2,"19":1,"20":1,"21":2,"22":2,"23":2,"24":1,"25":1,"26":1,"27":1,"28":1,"29":1,"30":1,"31":1,"32":1,"33":1,"34":1,"35":1,"36":1,"37":1,"38":1,"39":2,"40":2,"41":1,"42":2,"43":2,"44":1,"45":2,"46":2,"47":1,"48":2,"49":2,"50":1,"51":1,"52":1,"53":1,"54":1},"b":{"1":[2,1,1,1],"2":[1,1,1,1],"3":[1,1],"4":[1,1],"5":[1,1],"6":[1,1],"7":[1,1],"8":[1,1],"9":[1,1],"10":[1,1,1],"11":[1,1],"12":[1,1],"13":[1,1],"14":[1,1],"15":[1,1],"16":[1,1],"17":[1,1]},"f":{"1":2,"2":2,"3":2,"4":2,"5":2,"6":1,"7":1,"8":1,"9":2,"10":2,"11":2,"12":2,"13":1},"fnMap":{"1":{"name":"(anonymous_1)","line":12,"loc":{"start":{"line":12,"column":1},"end":{"line":12,"column":13}}},"2":{"name":"(anonymous_2)","line":19,"loc":{"start":{"line":19,"column":5},"end":{"line":19,"column":17}}},"3":{"name":"(anonymous_3)","line":23,"loc":{"start":{"line":23,"column":24},"end":{"line":23,"column":36}}},"4":{"name":"(anonymous_4)","line":61,"loc":{"start":{"line":61,"column":5},"end":{"line":61,"column":17}}},"5":{"name":"(anonymous_5)","line":82,"loc":{"start":{"line":82,"column":5},"end":{"line":82,"column":17}}},"6":{"name":"(anonymous_6)","line":91,"loc":{"start":{"line":91,"column":77},"end":{"line":94,"column":10}}},"7":{"name":"(anonymous_7)","line":112,"loc":{"start":{"line":112,"column":83},"end":{"line":115,"column":10}},"skip":true},"8":{"name":"(anonymous_8)","line":123,"loc":{"start":{"line":123,"column":77},"end":{"line":126,"column":10}},"skip":true},"9":{"name":"(anonymous_9)","line":139,"loc":{"start":{"line":139,"column":12},"end":{"line":139,"column":40}},"skip":true},"10":{"name":"(anonymous_10)","line":147,"loc":{"start":{"line":147,"column":77},"end":{"line":150,"column":10}},"skip":true},"11":{"name":"(anonymous_11)","line":158,"loc":{"start":{"line":158,"column":83},"end":{"line":161,"column":10}},"skip":true},"12":{"name":"(anonymous_12)","line":169,"loc":{"start":{"line":169,"column":79},"end":{"line":172,"column":10}},"skip":true},"13":{"name":"(anonymous_13)","line":180,"loc":{"start":{"line":180,"column":75},"end":{"line":183,"column":10}},"skip":true}},"statementMap":{"1":{"start":{"line":12,"column":0},"end":{"line":195,"column":5}},"2":{"start":{"line":14,"column":4},"end":{"line":14,"column":14}},"3":{"start":{"line":19,"column":4},"end":{"line":56,"column":9}},"4":{"start":{"line":21,"column":8},"end":{"line":21,"column":19}},"5":{"start":{"line":23,"column":8},"end":{"line":35,"column":13}},"6":{"start":{"line":24,"column":12},"end":{"line":34,"column":13}},"7":{"start":{"line":25,"column":16},"end":{"line":28,"column":30}},"8":{"start":{"line":30,"column":16},"end":{"line":33,"column":27}},"9":{"start":{"line":37,"column":8},"end":{"line":39,"column":21}},"10":{"start":{"line":40,"column":8},"end":{"line":53,"column":9}},"11":{"start":{"line":43,"column":12},"end":{"line":46,"column":14}},"12":{"start":{"line":47,"column":12},"end":{"line":47,"column":18}},"13":{"start":{"line":50,"column":12},"end":{"line":51,"column":33}},"14":{"start":{"line":52,"column":12},"end":{"line":52,"column":18}},"15":{"start":{"line":55,"column":8},"end":{"line":55,"column":35}},"16":{"start":{"line":61,"column":4},"end":{"line":63,"column":9}},"17":{"start":{"line":62,"column":8},"end":{"line":62,"column":15}},"18":{"start":{"line":64,"column":4},"end":{"line":77,"column":5}},"19":{"start":{"line":70,"column":8},"end":{"line":70,"column":14}},"20":{"start":{"line":76,"column":8},"end":{"line":76,"column":14}},"21":{"start":{"line":82,"column":4},"end":{"line":84,"column":9}},"22":{"start":{"line":83,"column":8},"end":{"line":83,"column":15}},"23":{"start":{"line":85,"column":4},"end":{"line":194,"column":5}},"24":{"start":{"line":91,"column":8},"end":{"line":99,"column":10}},"25":{"start":{"line":98,"column":12},"end":{"line":98,"column":35}},"26":{"start":{"line":102,"column":8},"end":{"line":104,"column":63}},"27":{"start":{"line":105,"column":8},"end":{"line":105,"column":14}},"28":{"start":{"line":112,"column":8},"end":{"line":121,"column":10},"skip":true},"29":{"start":{"line":119,"column":12},"end":{"line":119,"column":55},"skip":true},"30":{"start":{"line":120,"column":12},"end":{"line":120,"column":48},"skip":true},"31":{"start":{"line":123,"column":8},"end":{"line":136,"column":10},"skip":true},"32":{"start":{"line":130,"column":12},"end":{"line":130,"column":76},"skip":true},"33":{"start":{"line":131,"column":12},"end":{"line":131,"column":73},"skip":true},"34":{"start":{"line":132,"column":12},"end":{"line":132,"column":74},"skip":true},"35":{"start":{"line":133,"column":12},"end":{"line":133,"column":79},"skip":true},"36":{"start":{"line":134,"column":12},"end":{"line":134,"column":25},"skip":true},"37":{"start":{"line":135,"column":12},"end":{"line":135,"column":45},"skip":true},"38":{"start":{"line":138,"column":8},"end":{"line":145,"column":14},"skip":true},"39":{"start":{"line":143,"column":16},"end":{"line":143,"column":29},"skip":true},"40":{"start":{"line":144,"column":16},"end":{"line":144,"column":55},"skip":true},"41":{"start":{"line":147,"column":8},"end":{"line":156,"column":10},"skip":true},"42":{"start":{"line":154,"column":12},"end":{"line":154,"column":25},"skip":true},"43":{"start":{"line":155,"column":12},"end":{"line":155,"column":45},"skip":true},"44":{"start":{"line":158,"column":8},"end":{"line":167,"column":10},"skip":true},"45":{"start":{"line":165,"column":12},"end":{"line":165,"column":25},"skip":true},"46":{"start":{"line":166,"column":12},"end":{"line":166,"column":48},"skip":true},"47":{"start":{"line":169,"column":8},"end":{"line":178,"column":10},"skip":true},"48":{"start":{"line":176,"column":12},"end":{"line":176,"column":25},"skip":true},"49":{"start":{"line":177,"column":12},"end":{"line":177,"column":46},"skip":true},"50":{"start":{"line":180,"column":8},"end":{"line":189,"column":10},"skip":true},"51":{"start":{"line":187,"column":12},"end":{"line":187,"column":94},"skip":true},"52":{"start":{"line":188,"column":12},"end":{"line":188,"column":48},"skip":true},"53":{"start":{"line":192,"column":8},"end":{"line":192,"column":35},"skip":true},"54":{"start":{"line":193,"column":8},"end":{"line":193,"column":14},"skip":true}},"branchMap":{"1":{"line":25,"type":"binary-expr","locations":[{"start":{"line":25,"column":23},"end":{"line":25,"column":62}},{"start":{"line":26,"column":20},"end":{"line":26,"column":70}},{"start":{"line":27,"column":20},"end":{"line":27,"column":71}},{"start":{"line":28,"column":20},"end":{"line":28,"column":29}}]},"2":{"line":30,"type":"binary-expr","locations":[{"start":{"line":30,"column":23},"end":{"line":30,"column":37}},{"start":{"line":31,"column":20},"end":{"line":31,"column":61}},{"start":{"line":32,"column":20},"end":{"line":32,"column":70}},{"start":{"line":33,"column":20},"end":{"line":33,"column":26}}]},"3":{"line":37,"type":"cond-expr","locations":[{"start":{"line":38,"column":14},"end":{"line":38,"column":20}},{"start":{"line":39,"column":14},"end":{"line":39,"column":20}}]},"4":{"line":40,"type":"switch","locations":[{"start":{"line":42,"column":8},"end":{"line":47,"column":18}},{"start":{"line":49,"column":8},"end":{"line":52,"column":18}}]},"5":{"line":44,"type":"binary-expr","locations":[{"start":{"line":44,"column":16},"end":{"line":44,"column":44}},{"start":{"line":44,"column":48},"end":{"line":44,"column":66}}]},"6":{"line":50,"type":"binary-expr","locations":[{"start":{"line":50,"column":21},"end":{"line":50,"column":49}},{"start":{"line":50,"column":53},"end":{"line":50,"column":72}}]},"7":{"line":64,"type":"switch","locations":[{"start":{"line":69,"column":4},"end":{"line":70,"column":14}},{"start":{"line":75,"column":4},"end":{"line":76,"column":14}}]},"8":{"line":85,"type":"switch","locations":[{"start":{"line":90,"column":4},"end":{"line":105,"column":14}},{"start":{"line":111,"column":4},"end":{"line":193,"column":14},"skip":true}]},"9":{"line":91,"type":"binary-expr","locations":[{"start":{"line":91,"column":42},"end":{"line":91,"column":73}},{"start":{"line":91,"column":77},"end":{"line":99,"column":9}}]},"10":{"line":102,"type":"binary-expr","locations":[{"start":{"line":102,"column":18},"end":{"line":102,"column":32}},{"start":{"line":103,"column":12},"end":{"line":103,"column":53}},{"start":{"line":104,"column":12},"end":{"line":104,"column":61}}]},"11":{"line":112,"type":"binary-expr","locations":[{"start":{"line":112,"column":45},"end":{"line":112,"column":79},"skip":true},{"start":{"line":112,"column":83},"end":{"line":121,"column":9},"skip":true}]},"12":{"line":123,"type":"binary-expr","locations":[{"start":{"line":123,"column":42},"end":{"line":123,"column":73},"skip":true},{"start":{"line":123,"column":77},"end":{"line":136,"column":9},"skip":true}]},"13":{"line":138,"type":"binary-expr","locations":[{"start":{"line":138,"column":48},"end":{"line":138,"column":85},"skip":true},{"start":{"line":139,"column":12},"end":{"line":145,"column":13},"skip":true}]},"14":{"line":147,"type":"binary-expr","locations":[{"start":{"line":147,"column":42},"end":{"line":147,"column":73},"skip":true},{"start":{"line":147,"column":77},"end":{"line":156,"column":9},"skip":true}]},"15":{"line":158,"type":"binary-expr","locations":[{"start":{"line":158,"column":45},"end":{"line":158,"column":79},"skip":true},{"start":{"line":158,"column":83},"end":{"line":167,"column":9},"skip":true}]},"16":{"line":169,"type":"binary-expr","locations":[{"start":{"line":169,"column":43},"end":{"line":169,"column":75},"skip":true},{"start":{"line":169,"column":79},"end":{"line":178,"column":9},"skip":true}]},"17":{"line":180,"type":"binary-expr","locations":[{"start":{"line":180,"column":41},"end":{"line":180,"column":71},"skip":true},{"start":{"line":180,"column":75},"end":{"line":189,"column":9},"skip":true}]}},"code":["/* istanbul instrument in package npmtest_esdoc */","/*jslint","    bitwise: true,","    browser: true,","    maxerr: 8,","    maxlen: 96,","    node: true,","    nomen: true,","    regexp: true,","    stupid: true","*/","(function () {","    'use strict';","    var local;","","","","    // run shared js-env code - pre-init","    (function () {","        // init local","        local = {};","        // init modeJs","        local.modeJs = (function () {","            try {","                return typeof navigator.userAgent === 'string' &&","                    typeof document.querySelector('body') === 'object' &&","                    typeof XMLHttpRequest.prototype.open === 'function' &&","                    'browser';","            } catch (errorCaughtBrowser) {","                return module.exports &&","                    typeof process.versions.node === 'string' &&","                    typeof require('http').createServer === 'function' &&","                    'node';","            }","        }());","        // init global","        local.global = local.modeJs === 'browser'","            ? window","            : global;","        switch (local.modeJs) {","        // re-init local from window.local","        case 'browser':","            local = local.global.utility2.objectSetDefault(","                local.global.utility2_rollup || local.global.local,","                local.global.utility2","            );","            break;","        // re-init local from example.js","        case 'node':","            local = (local.global.utility2_rollup || require('utility2'))","                .requireReadme();","            break;","        }","        // export local","        local.global.local = local;","    }());","","","","    // run shared js-env code - function","    (function () {","        return;","    }());","    switch (local.modeJs) {","","","","    // run browser js-env code - function","    case 'browser':","        break;","","","","    // run node js-env code - function","    case 'node':","        break;","    }","","","","    // run shared js-env code - post-init","    (function () {","        return;","    }());","    switch (local.modeJs) {","","","","    // run browser js-env code - post-init","    case 'browser':","        local.testCase_browser_nullCase = local.testCase_browser_nullCase || function (","            options,","            onError","        ) {","        /*","         * this function will test browsers's null-case handling-behavior-behavior","         */","            onError(null, options);","        };","","        // run tests","        local.nop(local.modeTest &&","            document.querySelector('#testRunButton1') &&","            document.querySelector('#testRunButton1').click());","        break;","","","","    // run node js-env code - post-init","    /* istanbul ignore next */","    case 'node':","        local.testCase_buildApidoc_default = local.testCase_buildApidoc_default || function (","            options,","            onError","        ) {","        /*","         * this function will test buildApidoc's default handling-behavior-behavior","         */","            options = { modulePathList: module.paths };","            local.buildApidoc(options, onError);","        };","","        local.testCase_buildApp_default = local.testCase_buildApp_default || function (","            options,","            onError","        ) {","        /*","         * this function will test buildApp's default handling-behavior-behavior","         */","            local.testCase_buildReadme_default(options, local.onErrorThrow);","            local.testCase_buildLib_default(options, local.onErrorThrow);","            local.testCase_buildTest_default(options, local.onErrorThrow);","            local.testCase_buildCustomOrg_default(options, local.onErrorThrow);","            options = [];","            local.buildApp(options, onError);","        };","","        local.testCase_buildCustomOrg_default = local.testCase_buildCustomOrg_default ||","            function (options, onError) {","            /*","             * this function will test buildCustomOrg's default handling-behavior","             */","                options = {};","                local.buildCustomOrg(options, onError);","            };","","        local.testCase_buildLib_default = local.testCase_buildLib_default || function (","            options,","            onError","        ) {","        /*","         * this function will test buildLib's default handling-behavior","         */","            options = {};","            local.buildLib(options, onError);","        };","","        local.testCase_buildReadme_default = local.testCase_buildReadme_default || function (","            options,","            onError","        ) {","        /*","         * this function will test buildReadme's default handling-behavior-behavior","         */","            options = {};","            local.buildReadme(options, onError);","        };","","        local.testCase_buildTest_default = local.testCase_buildTest_default || function (","            options,","            onError","        ) {","        /*","         * this function will test buildTest's default handling-behavior","         */","            options = {};","            local.buildTest(options, onError);","        };","","        local.testCase_webpage_default = local.testCase_webpage_default || function (","            options,","            onError","        ) {","        /*","         * this function will test webpage's default handling-behavior","         */","            options = { modeCoverageMerge: true, url: local.serverLocalHost + '?modeTest=1' };","            local.browserTest(options, onError);","        };","","        // run test-server","        local.testRunServer(local);","        break;","    }","}());",""],"l":{"12":2,"14":2,"19":2,"21":2,"23":2,"24":2,"25":2,"30":1,"37":2,"40":2,"43":1,"47":1,"50":1,"52":1,"55":2,"61":2,"62":2,"64":2,"70":1,"76":1,"82":2,"83":2,"85":2,"91":1,"98":1,"102":1,"105":1,"112":1,"119":1,"120":1,"123":1,"130":1,"131":1,"132":1,"133":1,"134":1,"135":1,"138":1,"143":2,"144":2,"147":1,"154":2,"155":2,"158":1,"165":2,"166":2,"169":1,"176":2,"177":2,"180":1,"187":1,"188":1,"192":1,"193":1}},"/home/travis/build/npmtest/node-npmtest-esdoc/lib.npmtest_esdoc.js":{"path":"/home/travis/build/npmtest/node-npmtest-esdoc/lib.npmtest_esdoc.js","s":{"1":2,"2":2,"3":2,"4":2,"5":2,"6":2,"7":2,"8":1,"9":2,"10":2,"11":2,"12":2,"13":1,"14":1,"15":1,"16":1},"b":{"1":[2,1,1,1],"2":[1,1,1,1],"3":[1,1],"4":[2,2],"5":[1,1]},"f":{"1":2,"2":2,"3":2},"fnMap":{"1":{"name":"(anonymous_1)","line":12,"loc":{"start":{"line":12,"column":1},"end":{"line":12,"column":13}}},"2":{"name":"(anonymous_2)","line":19,"loc":{"start":{"line":19,"column":5},"end":{"line":19,"column":17}}},"3":{"name":"(anonymous_3)","line":23,"loc":{"start":{"line":23,"column":24},"end":{"line":23,"column":36}}}},"statementMap":{"1":{"start":{"line":12,"column":0},"end":{"line":53,"column":5}},"2":{"start":{"line":14,"column":4},"end":{"line":14,"column":14}},"3":{"start":{"line":19,"column":4},"end":{"line":52,"column":9}},"4":{"start":{"line":21,"column":8},"end":{"line":21,"column":19}},"5":{"start":{"line":23,"column":8},"end":{"line":35,"column":13}},"6":{"start":{"line":24,"column":12},"end":{"line":34,"column":13}},"7":{"start":{"line":25,"column":16},"end":{"line":28,"column":30}},"8":{"start":{"line":30,"column":16},"end":{"line":33,"column":27}},"9":{"start":{"line":37,"column":8},"end":{"line":39,"column":21}},"10":{"start":{"line":41,"column":8},"end":{"line":41,"column":54}},"11":{"start":{"line":43,"column":8},"end":{"line":43,"column":50}},"12":{"start":{"line":45,"column":8},"end":{"line":51,"column":9}},"13":{"start":{"line":46,"column":12},"end":{"line":46,"column":56}},"14":{"start":{"line":48,"column":12},"end":{"line":48,"column":35}},"15":{"start":{"line":49,"column":12},"end":{"line":49,"column":49}},"16":{"start":{"line":50,"column":12},"end":{"line":50,"column":43}}},"branchMap":{"1":{"line":25,"type":"binary-expr","locations":[{"start":{"line":25,"column":23},"end":{"line":25,"column":62}},{"start":{"line":26,"column":20},"end":{"line":26,"column":70}},{"start":{"line":27,"column":20},"end":{"line":27,"column":71}},{"start":{"line":28,"column":20},"end":{"line":28,"column":29}}]},"2":{"line":30,"type":"binary-expr","locations":[{"start":{"line":30,"column":23},"end":{"line":30,"column":37}},{"start":{"line":31,"column":20},"end":{"line":31,"column":61}},{"start":{"line":32,"column":20},"end":{"line":32,"column":70}},{"start":{"line":33,"column":20},"end":{"line":33,"column":26}}]},"3":{"line":37,"type":"cond-expr","locations":[{"start":{"line":38,"column":14},"end":{"line":38,"column":20}},{"start":{"line":39,"column":14},"end":{"line":39,"column":20}}]},"4":{"line":41,"type":"binary-expr","locations":[{"start":{"line":41,"column":16},"end":{"line":41,"column":44}},{"start":{"line":41,"column":48},"end":{"line":41,"column":53}}]},"5":{"line":45,"type":"if","locations":[{"start":{"line":45,"column":8},"end":{"line":45,"column":8}},{"start":{"line":45,"column":8},"end":{"line":45,"column":8}}]}},"code":["/* istanbul instrument in package npmtest_esdoc */","/*jslint","    bitwise: true,","    browser: true,","    maxerr: 8,","    maxlen: 96,","    node: true,","    nomen: true,","    regexp: true,","    stupid: true","*/","(function () {","    'use strict';","    var local;","","","","    // run shared js-env code - pre-init","    (function () {","        // init local","        local = {};","        // init modeJs","        local.modeJs = (function () {","            try {","                return typeof navigator.userAgent === 'string' &&","                    typeof document.querySelector('body') === 'object' &&","                    typeof XMLHttpRequest.prototype.open === 'function' &&","                    'browser';","            } catch (errorCaughtBrowser) {","                return module.exports &&","                    typeof process.versions.node === 'string' &&","                    typeof require('http').createServer === 'function' &&","                    'node';","            }","        }());","        // init global","        local.global = local.modeJs === 'browser'","            ? window","            : global;","        // init utility2_rollup","        local = local.global.utility2_rollup || local;","        // init lib","        local.local = local.npmtest_esdoc = local;","        // init exports","        if (local.modeJs === 'browser') {","            local.global.utility2_npmtest_esdoc = local;","        } else {","            module.exports = local;","            module.exports.__dirname = __dirname;","            module.exports.module = module;","        }","    }());","}());",""],"l":{"12":2,"14":2,"19":2,"21":2,"23":2,"24":2,"25":2,"30":1,"37":2,"41":2,"43":2,"45":2,"46":1,"48":1,"49":1,"50":1}},"/home/travis/build/npmtest/node-npmtest-esdoc/example.js":{"path":"/home/travis/build/npmtest/node-npmtest-esdoc/example.js","s":{"1":2,"2":2,"3":2,"4":2,"5":2,"6":2,"7":2,"8":1,"9":2,"10":2,"11":2,"12":2,"13":1,"14":2,"15":2,"16":2,"17":2,"18":2,"19":0,"20":2,"21":1,"22":1,"23":1,"24":1,"25":1,"26":0,"27":0,"28":1,"29":1,"30":2,"31":0,"32":0,"33":0,"34":1,"35":2,"36":2,"37":3,"38":3,"39":3,"40":3,"41":0,"42":3,"43":3,"44":3,"45":1,"46":3,"47":1,"48":1,"49":1,"50":1,"51":1,"52":1,"53":1,"54":1,"55":1,"56":1,"57":0,"58":1,"59":6,"60":6,"61":1,"62":2,"63":0,"64":2,"65":1,"66":1,"67":0,"68":0,"69":0,"70":0,"71":0,"72":0,"73":0,"74":0,"75":0,"76":0,"77":0,"78":0,"79":0,"80":0,"81":0,"82":0,"83":0},"b":{"1":[2,1,1,1],"2":[1,1,1,1],"3":[1,1],"4":[2,2],"5":[1,1],"6":[1,1],"7":[2,0],"8":[2,1,1,1,1,1],"9":[0,2,0],"10":[1,1],"11":[2,1,1],"12":[1,0],"13":[0,2],"14":[2,0,0,0,0,0,0],"15":[0,3],"16":[3,0],"17":[1,1],"18":[0,1],"19":[1,2,0,2],"20":[1,0],"21":[1,1],"22":[0,0],"23":[0,0],"24":[0,0],"25":[0,0],"26":[0,0],"27":[0,0],"28":[0,0]},"f":{"1":2,"2":2,"3":2,"4":2,"5":2,"6":2,"7":3,"8":3,"9":3,"10":1,"11":6,"12":0},"fnMap":{"1":{"name":"(anonymous_1)","line":26,"loc":{"start":{"line":26,"column":1},"end":{"line":26,"column":13}}},"2":{"name":"(anonymous_2)","line":33,"loc":{"start":{"line":33,"column":5},"end":{"line":33,"column":17}}},"3":{"name":"(anonymous_3)","line":37,"loc":{"start":{"line":37,"column":24},"end":{"line":37,"column":36}}},"4":{"name":"(anonymous_4)","line":69,"loc":{"start":{"line":69,"column":31},"end":{"line":69,"column":48}},"skip":true},"5":{"name":"(anonymous_5)","line":78,"loc":{"start":{"line":78,"column":26},"end":{"line":78,"column":45}},"skip":true},"6":{"name":"(anonymous_6)","line":123,"loc":{"start":{"line":123,"column":33},"end":{"line":123,"column":48}},"skip":true},"7":{"name":"(anonymous_7)","line":125,"loc":{"start":{"line":125,"column":27},"end":{"line":125,"column":39}},"skip":true},"8":{"name":"(anonymous_8)","line":133,"loc":{"start":{"line":133,"column":59},"end":{"line":133,"column":74}},"skip":true},"9":{"name":"(anonymous_9)","line":143,"loc":{"start":{"line":143,"column":45},"end":{"line":143,"column":62}},"skip":true},"10":{"name":"(anonymous_10)","line":144,"loc":{"start":{"line":144,"column":73},"end":{"line":144,"column":92}},"skip":true},"11":{"name":"(anonymous_11)","line":272,"loc":{"start":{"line":272,"column":51},"end":{"line":272,"column":77}},"skip":true},"12":{"name":"(anonymous_12)","line":315,"loc":{"start":{"line":315,"column":32},"end":{"line":315,"column":61}},"skip":true}},"statementMap":{"1":{"start":{"line":26,"column":0},"end":{"line":326,"column":5}},"2":{"start":{"line":28,"column":4},"end":{"line":28,"column":14}},"3":{"start":{"line":33,"column":4},"end":{"line":60,"column":9}},"4":{"start":{"line":35,"column":8},"end":{"line":35,"column":19}},"5":{"start":{"line":37,"column":8},"end":{"line":49,"column":13}},"6":{"start":{"line":38,"column":12},"end":{"line":48,"column":13}},"7":{"start":{"line":39,"column":16},"end":{"line":42,"column":30}},"8":{"start":{"line":44,"column":16},"end":{"line":47,"column":27}},"9":{"start":{"line":51,"column":8},"end":{"line":53,"column":21}},"10":{"start":{"line":55,"column":8},"end":{"line":57,"column":45}},"11":{"start":{"line":59,"column":8},"end":{"line":59,"column":35}},"12":{"start":{"line":61,"column":4},"end":{"line":325,"column":5}},"13":{"start":{"line":69,"column":8},"end":{"line":121,"column":10},"skip":true},"14":{"start":{"line":70,"column":12},"end":{"line":88,"column":13},"skip":true},"15":{"start":{"line":76,"column":16},"end":{"line":87,"column":19},"skip":true},"16":{"start":{"line":79,"column":20},"end":{"line":86,"column":21},"skip":true},"17":{"start":{"line":82,"column":24},"end":{"line":82,"column":43},"skip":true},"18":{"start":{"line":83,"column":24},"end":{"line":83,"column":30},"skip":true},"19":{"start":{"line":85,"column":24},"end":{"line":85,"column":49},"skip":true},"20":{"start":{"line":89,"column":12},"end":{"line":107,"column":13},"skip":true},"21":{"start":{"line":92,"column":16},"end":{"line":102,"column":17},"skip":true},"22":{"start":{"line":93,"column":20},"end":{"line":93,"column":86},"skip":true},"23":{"start":{"line":94,"column":20},"end":{"line":95,"column":45},"skip":true},"24":{"start":{"line":96,"column":20},"end":{"line":96,"column":42},"skip":true},"25":{"start":{"line":97,"column":20},"end":{"line":97,"column":48},"skip":true},"26":{"start":{"line":100,"column":20},"end":{"line":100,"column":85},"skip":true},"27":{"start":{"line":101,"column":20},"end":{"line":101,"column":96},"skip":true},"28":{"start":{"line":103,"column":16},"end":{"line":103,"column":22},"skip":true},"29":{"start":{"line":106,"column":16},"end":{"line":106,"column":22},"skip":true},"30":{"start":{"line":108,"column":12},"end":{"line":120,"column":13},"skip":true},"31":{"start":{"line":114,"column":16},"end":{"line":119,"column":17},"skip":true},"32":{"start":{"line":116,"column":20},"end":{"line":116,"column":78},"skip":true},"33":{"start":{"line":118,"column":20},"end":{"line":118,"column":47},"skip":true},"34":{"start":{"line":123,"column":8},"end":{"line":141,"column":11},"skip":true},"35":{"start":{"line":124,"column":12},"end":{"line":124,"column":54},"skip":true},"36":{"start":{"line":125,"column":12},"end":{"line":140,"column":14},"skip":true},"37":{"start":{"line":126,"column":16},"end":{"line":126,"column":28},"skip":true},"38":{"start":{"line":127,"column":16},"end":{"line":127,"column":69},"skip":true},"39":{"start":{"line":128,"column":16},"end":{"line":128,"column":75},"skip":true},"40":{"start":{"line":129,"column":16},"end":{"line":131,"column":17},"skip":true},"41":{"start":{"line":130,"column":20},"end":{"line":130,"column":27},"skip":true},"42":{"start":{"line":133,"column":16},"end":{"line":137,"column":36},"skip":true},"43":{"start":{"line":134,"column":20},"end":{"line":136,"column":55},"skip":true},"44":{"start":{"line":139,"column":16},"end":{"line":139,"column":57},"skip":true},"45":{"start":{"line":143,"column":8},"end":{"line":147,"column":11},"skip":true},"46":{"start":{"line":144,"column":12},"end":{"line":146,"column":15},"skip":true},"47":{"start":{"line":145,"column":16},"end":{"line":145,"column":70},"skip":true},"48":{"start":{"line":149,"column":8},"end":{"line":149,"column":31},"skip":true},"49":{"start":{"line":150,"column":8},"end":{"line":150,"column":14},"skip":true},"50":{"start":{"line":158,"column":8},"end":{"line":158,"column":31},"skip":true},"51":{"start":{"line":160,"column":8},"end":{"line":160,"column":33},"skip":true},"52":{"start":{"line":161,"column":8},"end":{"line":161,"column":37},"skip":true},"53":{"start":{"line":162,"column":8},"end":{"line":162,"column":35},"skip":true},"54":{"start":{"line":164,"column":8},"end":{"line":164,"column":50},"skip":true},"55":{"start":{"line":166,"column":8},"end":{"line":256,"column":2},"skip":true},"56":{"start":{"line":258,"column":8},"end":{"line":286,"column":9},"skip":true},"57":{"start":{"line":259,"column":12},"end":{"line":269,"column":14},"skip":true},"58":{"start":{"line":271,"column":12},"end":{"line":285,"column":19},"skip":true},"59":{"start":{"line":274,"column":20},"end":{"line":274,"column":35},"skip":true},"60":{"start":{"line":275,"column":20},"end":{"line":284,"column":21},"skip":true},"61":{"start":{"line":277,"column":24},"end":{"line":277,"column":64},"skip":true},"62":{"start":{"line":279,"column":24},"end":{"line":279,"column":40},"skip":true},"63":{"start":{"line":281,"column":24},"end":{"line":281,"column":40},"skip":true},"64":{"start":{"line":283,"column":24},"end":{"line":283,"column":39},"skip":true},"65":{"start":{"line":288,"column":8},"end":{"line":290,"column":9},"skip":true},"66":{"start":{"line":289,"column":12},"end":{"line":289,"column":18},"skip":true},"67":{"start":{"line":291,"column":8},"end":{"line":293,"column":54},"skip":true},"68":{"start":{"line":296,"column":8},"end":{"line":301,"column":37},"skip":true},"69":{"start":{"line":303,"column":8},"end":{"line":303,"column":82},"skip":true},"70":{"start":{"line":306,"column":8},"end":{"line":308,"column":9},"skip":true},"71":{"start":{"line":307,"column":12},"end":{"line":307,"column":82},"skip":true},"72":{"start":{"line":310,"column":8},"end":{"line":312,"column":9},"skip":true},"73":{"start":{"line":311,"column":12},"end":{"line":311,"column":18},"skip":true},"74":{"start":{"line":313,"column":8},"end":{"line":313,"column":54},"skip":true},"75":{"start":{"line":314,"column":8},"end":{"line":314,"column":69},"skip":true},"76":{"start":{"line":315,"column":8},"end":{"line":323,"column":36},"skip":true},"77":{"start":{"line":316,"column":12},"end":{"line":316,"column":61},"skip":true},"78":{"start":{"line":317,"column":12},"end":{"line":320,"column":13},"skip":true},"79":{"start":{"line":318,"column":16},"end":{"line":318,"column":75},"skip":true},"80":{"start":{"line":319,"column":16},"end":{"line":319,"column":23},"skip":true},"81":{"start":{"line":321,"column":12},"end":{"line":321,"column":38},"skip":true},"82":{"start":{"line":322,"column":12},"end":{"line":322,"column":27},"skip":true},"83":{"start":{"line":324,"column":8},"end":{"line":324,"column":14},"skip":true}},"branchMap":{"1":{"line":39,"type":"binary-expr","locations":[{"start":{"line":39,"column":23},"end":{"line":39,"column":62}},{"start":{"line":40,"column":20},"end":{"line":40,"column":70}},{"start":{"line":41,"column":20},"end":{"line":41,"column":71}},{"start":{"line":42,"column":20},"end":{"line":42,"column":29}}]},"2":{"line":44,"type":"binary-expr","locations":[{"start":{"line":44,"column":23},"end":{"line":44,"column":37}},{"start":{"line":45,"column":20},"end":{"line":45,"column":61}},{"start":{"line":46,"column":20},"end":{"line":46,"column":70}},{"start":{"line":47,"column":20},"end":{"line":47,"column":26}}]},"3":{"line":51,"type":"cond-expr","locations":[{"start":{"line":52,"column":14},"end":{"line":52,"column":20}},{"start":{"line":53,"column":14},"end":{"line":53,"column":20}}]},"4":{"line":55,"type":"binary-expr","locations":[{"start":{"line":55,"column":16},"end":{"line":55,"column":44}},{"start":{"line":55,"column":49},"end":{"line":57,"column":43}}]},"5":{"line":55,"type":"cond-expr","locations":[{"start":{"line":56,"column":14},"end":{"line":56,"column":49}},{"start":{"line":57,"column":14},"end":{"line":57,"column":43}}]},"6":{"line":61,"type":"switch","locations":[{"start":{"line":68,"column":4},"end":{"line":150,"column":14},"skip":true},{"start":{"line":156,"column":4},"end":{"line":324,"column":14},"skip":true}]},"7":{"line":70,"type":"if","locations":[{"start":{"line":70,"column":12},"end":{"line":70,"column":12},"skip":true},{"start":{"line":70,"column":12},"end":{"line":70,"column":12},"skip":true}]},"8":{"line":70,"type":"binary-expr","locations":[{"start":{"line":70,"column":16},"end":{"line":70,"column":22},"skip":true},{"start":{"line":70,"column":27},"end":{"line":70,"column":32},"skip":true},{"start":{"line":71,"column":20},"end":{"line":71,"column":39},"skip":true},{"start":{"line":72,"column":20},"end":{"line":72,"column":49},"skip":true},{"start":{"line":73,"column":20},"end":{"line":73,"column":58},"skip":true},{"start":{"line":74,"column":20},"end":{"line":74,"column":69},"skip":true}]},"9":{"line":79,"type":"switch","locations":[{"start":{"line":80,"column":20},"end":{"line":80,"column":33},"skip":true},{"start":{"line":81,"column":20},"end":{"line":83,"column":30},"skip":true},{"start":{"line":84,"column":20},"end":{"line":85,"column":49},"skip":true}]},"10":{"line":89,"type":"switch","locations":[{"start":{"line":90,"column":12},"end":{"line":103,"column":22},"skip":true},{"start":{"line":105,"column":12},"end":{"line":106,"column":22},"skip":true}]},"11":{"line":89,"type":"binary-expr","locations":[{"start":{"line":89,"column":20},"end":{"line":89,"column":25},"skip":true},{"start":{"line":89,"column":29},"end":{"line":89,"column":48},"skip":true},{"start":{"line":89,"column":52},"end":{"line":89,"column":74},"skip":true}]},"12":{"line":92,"type":"if","locations":[{"start":{"line":92,"column":16},"end":{"line":92,"column":16},"skip":true},{"start":{"line":92,"column":16},"end":{"line":92,"column":16},"skip":true}]},"13":{"line":108,"type":"if","locations":[{"start":{"line":108,"column":12},"end":{"line":108,"column":12},"skip":true},{"start":{"line":108,"column":12},"end":{"line":108,"column":12},"skip":true}]},"14":{"line":108,"type":"binary-expr","locations":[{"start":{"line":108,"column":16},"end":{"line":108,"column":61},"skip":true},{"start":{"line":108,"column":66},"end":{"line":108,"column":72},"skip":true},{"start":{"line":108,"column":77},"end":{"line":108,"column":82},"skip":true},{"start":{"line":109,"column":20},"end":{"line":109,"column":39},"skip":true},{"start":{"line":110,"column":20},"end":{"line":110,"column":49},"skip":true},{"start":{"line":111,"column":20},"end":{"line":111,"column":58},"skip":true},{"start":{"line":112,"column":20},"end":{"line":112,"column":68},"skip":true}]},"15":{"line":129,"type":"if","locations":[{"start":{"line":129,"column":16},"end":{"line":129,"column":16},"skip":true},{"start":{"line":129,"column":16},"end":{"line":129,"column":16},"skip":true}]},"16":{"line":134,"type":"cond-expr","locations":[{"start":{"line":135,"column":26},"end":{"line":135,"column":29},"skip":true},{"start":{"line":136,"column":26},"end":{"line":136,"column":54},"skip":true}]},"17":{"line":164,"type":"binary-expr","locations":[{"start":{"line":164,"column":27},"end":{"line":164,"column":43},"skip":true},{"start":{"line":164,"column":47},"end":{"line":164,"column":49},"skip":true}]},"18":{"line":258,"type":"if","locations":[{"start":{"line":258,"column":8},"end":{"line":258,"column":8},"skip":true},{"start":{"line":258,"column":8},"end":{"line":258,"column":8},"skip":true}]},"19":{"line":275,"type":"switch","locations":[{"start":{"line":276,"column":20},"end":{"line":277,"column":64},"skip":true},{"start":{"line":278,"column":20},"end":{"line":279,"column":40},"skip":true},{"start":{"line":280,"column":20},"end":{"line":281,"column":40},"skip":true},{"start":{"line":282,"column":20},"end":{"line":283,"column":39},"skip":true}]},"20":{"line":288,"type":"if","locations":[{"start":{"line":288,"column":8},"end":{"line":288,"column":8},"skip":true},{"start":{"line":288,"column":8},"end":{"line":288,"column":8},"skip":true}]},"21":{"line":288,"type":"binary-expr","locations":[{"start":{"line":288,"column":12},"end":{"line":288,"column":40},"skip":true},{"start":{"line":288,"column":44},"end":{"line":288,"column":67},"skip":true}]},"22":{"line":292,"type":"binary-expr","locations":[{"start":{"line":292,"column":12},"end":{"line":292,"column":50},"skip":true},{"start":{"line":293,"column":12},"end":{"line":293,"column":53},"skip":true}]},"23":{"line":297,"type":"binary-expr","locations":[{"start":{"line":297,"column":12},"end":{"line":297,"column":63},"skip":true},{"start":{"line":298,"column":12},"end":{"line":301,"column":36},"skip":true}]},"24":{"line":303,"type":"binary-expr","locations":[{"start":{"line":303,"column":43},"end":{"line":303,"column":75},"skip":true},{"start":{"line":303,"column":79},"end":{"line":303,"column":81},"skip":true}]},"25":{"line":306,"type":"if","locations":[{"start":{"line":306,"column":8},"end":{"line":306,"column":8},"skip":true},{"start":{"line":306,"column":8},"end":{"line":306,"column":8},"skip":true}]},"26":{"line":310,"type":"if","locations":[{"start":{"line":310,"column":8},"end":{"line":310,"column":8},"skip":true},{"start":{"line":310,"column":8},"end":{"line":310,"column":8},"skip":true}]},"27":{"line":313,"type":"binary-expr","locations":[{"start":{"line":313,"column":27},"end":{"line":313,"column":43},"skip":true},{"start":{"line":313,"column":47},"end":{"line":313,"column":53},"skip":true}]},"28":{"line":317,"type":"if","locations":[{"start":{"line":317,"column":12},"end":{"line":317,"column":12},"skip":true},{"start":{"line":317,"column":12},"end":{"line":317,"column":12},"skip":true}]}},"code":["/*","example.js","","quickstart example","","instruction","    1. save this script as example.js","    2. run the shell command:","        $ npm install npmtest-esdoc && PORT=8081 node example.js","    3. play with the browser-demo on http://127.0.0.1:8081","*/","","","","/* istanbul instrument in package npmtest_esdoc */","/*jslint","    bitwise: true,","    browser: true,","    maxerr: 8,","    maxlen: 96,","    node: true,","    nomen: true,","    regexp: true,","    stupid: true","*/","(function () {","    'use strict';","    var local;","","","","    // run shared js-env code - pre-init","    (function () {","        // init local","        local = {};","        // init modeJs","        local.modeJs = (function () {","            try {","                return typeof navigator.userAgent === 'string' &&","                    typeof document.querySelector('body') === 'object' &&","                    typeof XMLHttpRequest.prototype.open === 'function' &&","                    'browser';","            } catch (errorCaughtBrowser) {","                return module.exports &&","                    typeof process.versions.node === 'string' &&","                    typeof require('http').createServer === 'function' &&","                    'node';","            }","        }());","        // init global","        local.global = local.modeJs === 'browser'","            ? window","            : global;","        // init utility2_rollup","        local = local.global.utility2_rollup || (local.modeJs === 'browser'","            ? local.global.utility2_npmtest_esdoc","            : global.utility2_moduleExports);","        // export local","        local.global.local = local;","    }());","    switch (local.modeJs) {","","","","    // post-init","    // run browser js-env code - post-init","    /* istanbul ignore next */","    case 'browser':","        local.testRunBrowser = function (event) {","            if (!event || (event &&","                    event.currentTarget &&","                    event.currentTarget.className &&","                    event.currentTarget.className.includes &&","                    event.currentTarget.className.includes('onreset'))) {","                // reset output","                Array.from(","                    document.querySelectorAll('body > .resettable')","                ).forEach(function (element) {","                    switch (element.tagName) {","                    case 'INPUT':","                    case 'TEXTAREA':","                        element.value = '';","                        break;","                    default:","                        element.textContent = '';","                    }","                });","            }","            switch (event && event.currentTarget && event.currentTarget.id) {","            case 'testRunButton1':","                // show tests","                if (document.querySelector('#testReportDiv1').style.display === 'none') {","                    document.querySelector('#testReportDiv1').style.display = 'block';","                    document.querySelector('#testRunButton1').textContent =","                        'hide internal test';","                    local.modeTest = true;","                    local.testRunDefault(local);","                // hide tests","                } else {","                    document.querySelector('#testReportDiv1').style.display = 'none';","                    document.querySelector('#testRunButton1').textContent = 'run internal test';","                }","                break;","            // custom-case","            default:","                break;","            }","            if (document.querySelector('#inputTextareaEval1') && (!event || (event &&","                    event.currentTarget &&","                    event.currentTarget.className &&","                    event.currentTarget.className.includes &&","                    event.currentTarget.className.includes('oneval')))) {","                // try to eval input-code","                try {","                    /*jslint evil: true*/","                    eval(document.querySelector('#inputTextareaEval1').value);","                } catch (errorCaught) {","                    console.error(errorCaught);","                }","            }","        };","        // log stderr and stdout to #outputTextareaStdout1","        ['error', 'log'].forEach(function (key) {","            console[key + '_original'] = console[key];","            console[key] = function () {","                var element;","                console[key + '_original'].apply(console, arguments);","                element = document.querySelector('#outputTextareaStdout1');","                if (!element) {","                    return;","                }","                // append text to #outputTextareaStdout1","                element.value += Array.from(arguments).map(function (arg) {","                    return typeof arg === 'string'","                        ? arg","                        : JSON.stringify(arg, null, 4);","                }).join(' ') + '\\n';","                // scroll textarea to bottom","                element.scrollTop = element.scrollHeight;","            };","        });","        // init event-handling","        ['change', 'click', 'keyup'].forEach(function (event) {","            Array.from(document.querySelectorAll('.on' + event)).forEach(function (element) {","                element.addEventListener(event, local.testRunBrowser);","            });","        });","        // run tests","        local.testRunBrowser();","        break;","","","","    // run node js-env code - post-init","    /* istanbul ignore next */","    case 'node':","        // export local","        module.exports = local;","        // require modules","        local.fs = require('fs');","        local.http = require('http');","        local.url = require('url');","        // init assets","        local.assetsDict = local.assetsDict || {};","        /* jslint-ignore-begin */","        local.assetsDict['/assets.index.template.html'] = '\\","<!doctype html>\\n\\","<html lang=\"en\">\\n\\","<head>\\n\\","<meta charset=\"UTF-8\">\\n\\","<meta name=\"viewport\" content=\"width=device-width, initial-scale=1\">\\n\\","<title>{{env.npm_package_name}} (v{{env.npm_package_version}})</title>\\n\\","<style>\\n\\","/*csslint\\n\\","    box-sizing: false,\\n\\","    universal-selector: false\\n\\","*/\\n\\","* {\\n\\","    box-sizing: border-box;\\n\\","}\\n\\","body {\\n\\","    background: #dde;\\n\\","    font-family: Arial, Helvetica, sans-serif;\\n\\","    margin: 2rem;\\n\\","}\\n\\","body > * {\\n\\","    margin-bottom: 1rem;\\n\\","}\\n\\",".utility2FooterDiv {\\n\\","    margin-top: 20px;\\n\\","    text-align: center;\\n\\","}\\n\\","</style>\\n\\","<style>\\n\\","/*csslint\\n\\","*/\\n\\","textarea {\\n\\","    font-family: monospace;\\n\\","    height: 10rem;\\n\\","    width: 100%;\\n\\","}\\n\\","textarea[readonly] {\\n\\","    background: #ddd;\\n\\","}\\n\\","</style>\\n\\","</head>\\n\\","<body>\\n\\","<!-- utility2-comment\\n\\","<div id=\"ajaxProgressDiv1\" style=\"background: #d00; height: 2px; left: 0; margin: 0; padding: 0; position: fixed; top: 0; transition: background 0.5s, width 1.5s; width: 25%;\"></div>\\n\\","utility2-comment -->\\n\\","<h1>\\n\\","<!-- utility2-comment\\n\\","    <a\\n\\","        {{#if env.npm_package_homepage}}\\n\\","        href=\"{{env.npm_package_homepage}}\"\\n\\","        {{/if env.npm_package_homepage}}\\n\\","        target=\"_blank\"\\n\\","    >\\n\\","utility2-comment -->\\n\\","        {{env.npm_package_name}} (v{{env.npm_package_version}})\\n\\","<!-- utility2-comment\\n\\","    </a>\\n\\","utility2-comment -->\\n\\","</h1>\\n\\","<h3>{{env.npm_package_description}}</h3>\\n\\","<!-- utility2-comment\\n\\","<h4><a download href=\"assets.app.js\">download standalone app</a></h4>\\n\\","<button class=\"onclick onreset\" id=\"testRunButton1\">run internal test</button><br>\\n\\","<div id=\"testReportDiv1\" style=\"display: none;\"></div>\\n\\","utility2-comment -->\\n\\","\\n\\","\\n\\","\\n\\","<label>stderr and stdout</label>\\n\\","<textarea class=\"resettable\" id=\"outputTextareaStdout1\" readonly></textarea>\\n\\","<!-- utility2-comment\\n\\","{{#if isRollup}}\\n\\","<script src=\"assets.app.js\"></script>\\n\\","{{#unless isRollup}}\\n\\","utility2-comment -->\\n\\","<script src=\"assets.utility2.rollup.js\"></script>\\n\\","<script src=\"jsonp.utility2._stateInit?callback=window.utility2._stateInit\"></script>\\n\\","<script src=\"assets.npmtest_esdoc.rollup.js\"></script>\\n\\","<script src=\"assets.example.js\"></script>\\n\\","<script src=\"assets.test.js\"></script>\\n\\","<!-- utility2-comment\\n\\","{{/if isRollup}}\\n\\","utility2-comment -->\\n\\","<div class=\"utility2FooterDiv\">\\n\\","    [ this app was created with\\n\\","    <a href=\"https://github.com/kaizhu256/node-utility2\" target=\"_blank\">utility2</a>\\n\\","    ]\\n\\","</div>\\n\\","</body>\\n\\","</html>\\n\\","';","        /* jslint-ignore-end */","        if (local.templateRender) {","            local.assetsDict['/'] = local.templateRender(","                local.assetsDict['/assets.index.template.html'],","                {","                    env: local.objectSetDefault(local.env, {","                        npm_package_description: 'the greatest app in the world!',","                        npm_package_name: 'my-app',","                        npm_package_nameAlias: 'my_app',","                        npm_package_version: '0.0.1'","                    })","                }","            );","        } else {","            local.assetsDict['/'] = local.assetsDict['/assets.index.template.html']","                .replace((/\\{\\{env\\.(\\w+?)\\}\\}/g), function (match0, match1) {","                    // jslint-hack","                    String(match0);","                    switch (match1) {","                    case 'npm_package_description':","                        return 'the greatest app in the world!';","                    case 'npm_package_name':","                        return 'my-app';","                    case 'npm_package_nameAlias':","                        return 'my_app';","                    case 'npm_package_version':","                        return '0.0.1';","                    }","                });","        }","        // run the cli","        if (local.global.utility2_rollup || module !== require.main) {","            break;","        }","        local.assetsDict['/assets.example.js'] =","            local.assetsDict['/assets.example.js'] ||","            local.fs.readFileSync(__filename, 'utf8');","        // bug-workaround - long $npm_package_buildCustomOrg","        /* jslint-ignore-begin */","        local.assetsDict['/assets.npmtest_esdoc.rollup.js'] =","            local.assetsDict['/assets.npmtest_esdoc.rollup.js'] ||","            local.fs.readFileSync(","                local.npmtest_esdoc.__dirname + '/lib.npmtest_esdoc.js',","                'utf8'","            ).replace((/^#!/), '//');","        /* jslint-ignore-end */","        local.assetsDict['/favicon.ico'] = local.assetsDict['/favicon.ico'] || '';","        // if $npm_config_timeout_exit exists,","        // then exit this process after $npm_config_timeout_exit ms","        if (Number(process.env.npm_config_timeout_exit)) {","            setTimeout(process.exit, Number(process.env.npm_config_timeout_exit));","        }","        // start server","        if (local.global.utility2_serverHttp1) {","            break;","        }","        process.env.PORT = process.env.PORT || '8081';","        console.error('server starting on port ' + process.env.PORT);","        local.http.createServer(function (request, response) {","            request.urlParsed = local.url.parse(request.url);","            if (local.assetsDict[request.urlParsed.pathname] !== undefined) {","                response.end(local.assetsDict[request.urlParsed.pathname]);","                return;","            }","            response.statusCode = 404;","            response.end();","        }).listen(process.env.PORT);","        break;","    }","}());",""],"l":{"26":2,"28":2,"33":2,"35":2,"37":2,"38":2,"39":2,"44":1,"51":2,"55":2,"59":2,"61":2,"69":1,"70":2,"76":2,"79":2,"82":2,"83":2,"85":1,"89":2,"92":1,"93":1,"94":1,"96":1,"97":1,"100":1,"101":1,"103":1,"106":1,"108":2,"114":1,"116":1,"118":1,"123":1,"124":2,"125":2,"126":3,"127":3,"128":3,"129":3,"130":1,"133":3,"134":3,"139":3,"143":1,"144":3,"145":1,"149":1,"150":1,"158":1,"160":1,"161":1,"162":1,"164":1,"166":1,"258":1,"259":1,"271":1,"274":6,"275":6,"277":1,"279":2,"281":1,"283":2,"288":1,"289":1,"291":1,"296":1,"303":1,"306":1,"307":1,"310":1,"311":1,"313":1,"314":1,"315":1,"316":1,"317":1,"318":1,"319":1,"321":1,"322":1,"324":1}},"/home/travis/build/npmtest/node-npmtest-esdoc/node_modules/esdoc/out/src/ESDoc.js":{"path":"/home/travis/build/npmtest/node-npmtest-esdoc/node_modules/esdoc/out/src/ESDoc.js","s":{"1":1,"2":1,"3":1,"4":1,"5":1,"6":1,"7":1,"8":1,"9":1,"10":1,"11":1,"12":1,"13":1,"14":1,"15":1,"16":1,"17":1,"18":1,"19":1,"20":1,"21":1,"22":1,"23":1,"24":1,"25":11,"26":1,"27":0,"28":0,"29":0,"30":0,"31":0,"32":0,"33":0,"34":0,"35":0,"36":0,"37":0,"38":0,"39":0,"40":0,"41":0,"42":0,"43":0,"44":0,"45":0,"46":0,"47":0,"48":0,"49":0,"50":0,"51":0,"52":0,"53":0,"54":0,"55":0,"56":0,"57":0,"58":0,"59":0,"60":0,"61":0,"62":0,"63":0,"64":0,"65":0,"66":0,"67":0,"68":0,"69":0,"70":0,"71":0,"72":0,"73":0,"74":0,"75":0,"76":0,"77":0,"78":0,"79":0,"80":0,"81":0,"82":0,"83":0,"84":0,"85":0,"86":0,"87":0,"88":0,"89":0,"90":0,"91":0,"92":0,"93":0,"94":0,"95":0,"96":0,"97":0,"98":0,"99":0,"100":0,"101":0,"102":0,"103":0,"104":0,"105":0,"106":0,"107":0,"108":0,"109":0,"110":0,"111":0,"112":0,"113":0,"114":0,"115":0,"116":0,"117":0,"118":0,"119":0,"120":0,"121":0,"122":0,"123":0,"124":0,"125":0,"126":0,"127":0,"128":0,"129":0,"130":0,"131":0,"132":0,"133":0,"134":0,"135":0,"136":0,"137":0,"138":0,"139":0,"140":0,"141":0,"142":0,"143":0,"144":0,"145":0,"146":0,"147":0,"148":0,"149":0,"150":0,"151":0,"152":0,"153":0,"154":0,"155":0,"156":0,"157":0,"158":0,"159":0,"160":0,"161":0,"162":0,"163":0,"164":0,"165":0,"166":0,"167":0,"168":0,"169":0,"170":0,"171":0,"172":0,"173":0,"174":0,"175":0,"176":0,"177":0,"178":0,"179":0,"180":0,"181":0,"182":0,"183":1},"b":{"1":[7,4],"2":[11,11],"3":[0,0],"4":[0,0],"5":[0,0],"6":[0,0],"7":[0,0],"8":[0,0],"9":[0,0],"10":[0,0],"11":[0,0],"12":[0,0],"13":[0,0],"14":[0,0],"15":[0,0],"16":[0,0],"17":[0,0],"18":[0,0],"19":[0,0],"20":[0,0],"21":[0,0],"22":[0,0],"23":[0,0],"24":[0,0],"25":[0,0],"26":[0,0],"27":[0,0],"28":[0,0],"29":[0,0],"30":[0,0],"31":[0,0],"32":[0,0],"33":[0,0],"34":[0,0]},"f":{"1":11,"2":0,"3":0,"4":0,"5":0,"6":0,"7":0,"8":0,"9":0},"fnMap":{"1":{"name":"_interopRequireDefault","line":51,"loc":{"start":{"line":51,"column":0},"end":{"line":51,"column":37}}},"2":{"name":"(anonymous_2)","line":70,"loc":{"start":{"line":70,"column":17},"end":{"line":70,"column":37}}},"3":{"name":"(anonymous_3)","line":153,"loc":{"start":{"line":153,"column":25},"end":{"line":153,"column":49}}},"4":{"name":"(anonymous_4)","line":187,"loc":{"start":{"line":187,"column":26},"end":{"line":187,"column":35}}},"5":{"name":"(anonymous_5)","line":229,"loc":{"start":{"line":229,"column":26},"end":{"line":229,"column":35}}},"6":{"name":"(anonymous_6)","line":241,"loc":{"start":{"line":241,"column":28},"end":{"line":241,"column":46}}},"7":{"name":"(anonymous_7)","line":258,"loc":{"start":{"line":258,"column":14},"end":{"line":258,"column":34}}},"8":{"name":"(anonymous_8)","line":285,"loc":{"start":{"line":285,"column":18},"end":{"line":285,"column":75}}},"9":{"name":"(anonymous_9)","line":321,"loc":{"start":{"line":321,"column":25},"end":{"line":321,"column":61}}}},"statementMap":{"1":{"start":{"line":3,"column":0},"end":{"line":5,"column":3}},"2":{"start":{"line":7,"column":0},"end":{"line":7,"column":24}},"3":{"start":{"line":9,"column":0},"end":{"line":9,"column":39}},"4":{"start":{"line":11,"column":0},"end":{"line":11,"column":28}},"5":{"start":{"line":13,"column":0},"end":{"line":13,"column":43}},"6":{"start":{"line":15,"column":0},"end":{"line":15,"column":32}},"7":{"start":{"line":17,"column":0},"end":{"line":17,"column":47}},"8":{"start":{"line":19,"column":0},"end":{"line":19,"column":43}},"9":{"start":{"line":21,"column":0},"end":{"line":21,"column":57}},"10":{"start":{"line":23,"column":0},"end":{"line":23,"column":44}},"11":{"start":{"line":25,"column":0},"end":{"line":25,"column":49}},"12":{"start":{"line":27,"column":0},"end":{"line":27,"column":45}},"13":{"start":{"line":29,"column":0},"end":{"line":29,"column":51}},"14":{"start":{"line":31,"column":0},"end":{"line":31,"column":54}},"15":{"start":{"line":33,"column":0},"end":{"line":33,"column":59}},"16":{"start":{"line":35,"column":0},"end":{"line":35,"column":53}},"17":{"start":{"line":37,"column":0},"end":{"line":37,"column":55}},"18":{"start":{"line":39,"column":0},"end":{"line":39,"column":61}},"19":{"start":{"line":41,"column":0},"end":{"line":41,"column":63}},"20":{"start":{"line":43,"column":0},"end":{"line":43,"column":64}},"21":{"start":{"line":45,"column":0},"end":{"line":45,"column":69}},"22":{"start":{"line":47,"column":0},"end":{"line":47,"column":44}},"23":{"start":{"line":49,"column":0},"end":{"line":49,"column":47}},"24":{"start":{"line":51,"column":0},"end":{"line":51,"column":95}},"25":{"start":{"line":51,"column":39},"end":{"line":51,"column":93}},"26":{"start":{"line":53,"column":0},"end":{"line":53,"column":50}},"27":{"start":{"line":71,"column":4},"end":{"line":71,"column":59}},"28":{"start":{"line":72,"column":4},"end":{"line":72,"column":41}},"29":{"start":{"line":73,"column":4},"end":{"line":73,"column":46}},"30":{"start":{"line":75,"column":4},"end":{"line":75,"column":42}},"31":{"start":{"line":76,"column":4},"end":{"line":76,"column":31}},"32":{"start":{"line":77,"column":4},"end":{"line":77,"column":53}},"33":{"start":{"line":79,"column":4},"end":{"line":79,"column":35}},"34":{"start":{"line":80,"column":4},"end":{"line":80,"column":35}},"35":{"start":{"line":82,"column":4},"end":{"line":82,"column":49}},"36":{"start":{"line":83,"column":4},"end":{"line":83,"column":61}},"37":{"start":{"line":83,"column":46},"end":{"line":83,"column":59}},"38":{"start":{"line":84,"column":4},"end":{"line":84,"column":61}},"39":{"start":{"line":84,"column":46},"end":{"line":84,"column":59}},"40":{"start":{"line":86,"column":4},"end":{"line":86,"column":27}},"41":{"start":{"line":87,"column":4},"end":{"line":87,"column":28}},"42":{"start":{"line":88,"column":4},"end":{"line":97,"column":5}},"43":{"start":{"line":89,"column":6},"end":{"line":96,"column":7}},"44":{"start":{"line":90,"column":8},"end":{"line":90,"column":90}},"45":{"start":{"line":91,"column":8},"end":{"line":91,"column":54}},"46":{"start":{"line":92,"column":8},"end":{"line":92,"column":41}},"47":{"start":{"line":93,"column":8},"end":{"line":93,"column":42}},"48":{"start":{"line":99,"column":4},"end":{"line":99,"column":21}},"49":{"start":{"line":100,"column":4},"end":{"line":100,"column":20}},"50":{"start":{"line":101,"column":4},"end":{"line":101,"column":64}},"51":{"start":{"line":103,"column":4},"end":{"line":124,"column":7}},"52":{"start":{"line":104,"column":6},"end":{"line":104,"column":80}},"53":{"start":{"line":105,"column":6},"end":{"line":105,"column":24}},"54":{"start":{"line":106,"column":6},"end":{"line":111,"column":7}},"55":{"start":{"line":107,"column":8},"end":{"line":110,"column":9}},"56":{"start":{"line":108,"column":10},"end":{"line":108,"column":23}},"57":{"start":{"line":109,"column":10},"end":{"line":109,"column":16}},"58":{"start":{"line":112,"column":6},"end":{"line":112,"column":25}},"59":{"start":{"line":112,"column":18},"end":{"line":112,"column":25}},"60":{"start":{"line":114,"column":6},"end":{"line":116,"column":7}},"61":{"start":{"line":115,"column":8},"end":{"line":115,"column":48}},"62":{"start":{"line":115,"column":41},"end":{"line":115,"column":48}},"63":{"start":{"line":118,"column":6},"end":{"line":118,"column":42}},"64":{"start":{"line":119,"column":6},"end":{"line":119,"column":94}},"65":{"start":{"line":120,"column":6},"end":{"line":120,"column":24}},"66":{"start":{"line":120,"column":17},"end":{"line":120,"column":24}},"67":{"start":{"line":121,"column":6},"end":{"line":121,"column":36}},"68":{"start":{"line":123,"column":6},"end":{"line":123,"column":99}},"69":{"start":{"line":126,"column":4},"end":{"line":128,"column":5}},"70":{"start":{"line":127,"column":6},"end":{"line":127,"column":48}},"71":{"start":{"line":130,"column":4},"end":{"line":132,"column":5}},"72":{"start":{"line":131,"column":6},"end":{"line":131,"column":51}},"73":{"start":{"line":134,"column":4},"end":{"line":134,"column":52}},"74":{"start":{"line":136,"column":4},"end":{"line":141,"column":5}},"75":{"start":{"line":137,"column":6},"end":{"line":137,"column":39}},"76":{"start":{"line":139,"column":6},"end":{"line":139,"column":47}},"77":{"start":{"line":140,"column":6},"end":{"line":140,"column":22}},"78":{"start":{"line":143,"column":4},"end":{"line":143,"column":34}},"79":{"start":{"line":154,"column":4},"end":{"line":154,"column":66}},"80":{"start":{"line":154,"column":51},"end":{"line":154,"column":64}},"81":{"start":{"line":155,"column":4},"end":{"line":155,"column":66}},"82":{"start":{"line":155,"column":51},"end":{"line":155,"column":64}},"83":{"start":{"line":156,"column":4},"end":{"line":156,"column":69}},"84":{"start":{"line":158,"column":4},"end":{"line":179,"column":7}},"85":{"start":{"line":159,"column":6},"end":{"line":159,"column":80}},"86":{"start":{"line":160,"column":6},"end":{"line":160,"column":24}},"87":{"start":{"line":161,"column":6},"end":{"line":166,"column":7}},"88":{"start":{"line":162,"column":8},"end":{"line":165,"column":9}},"89":{"start":{"line":163,"column":10},"end":{"line":163,"column":23}},"90":{"start":{"line":164,"column":10},"end":{"line":164,"column":16}},"91":{"start":{"line":167,"column":6},"end":{"line":167,"column":25}},"92":{"start":{"line":167,"column":18},"end":{"line":167,"column":25}},"93":{"start":{"line":169,"column":6},"end":{"line":171,"column":7}},"94":{"start":{"line":170,"column":8},"end":{"line":170,"column":48}},"95":{"start":{"line":170,"column":41},"end":{"line":170,"column":48}},"96":{"start":{"line":173,"column":6},"end":{"line":173,"column":42}},"97":{"start":{"line":174,"column":6},"end":{"line":174,"column":97}},"98":{"start":{"line":175,"column":6},"end":{"line":175,"column":24}},"99":{"start":{"line":175,"column":17},"end":{"line":175,"column":24}},"100":{"start":{"line":176,"column":6},"end":{"line":176,"column":36}},"101":{"start":{"line":178,"column":6},"end":{"line":178,"column":97}},"102":{"start":{"line":188,"column":4},"end":{"line":188,"column":61}},"103":{"start":{"line":188,"column":26},"end":{"line":188,"column":61}},"104":{"start":{"line":190,"column":4},"end":{"line":190,"column":70}},"105":{"start":{"line":190,"column":26},"end":{"line":190,"column":70}},"106":{"start":{"line":192,"column":4},"end":{"line":192,"column":64}},"107":{"start":{"line":192,"column":24},"end":{"line":192,"column":64}},"108":{"start":{"line":194,"column":4},"end":{"line":194,"column":62}},"109":{"start":{"line":194,"column":36},"end":{"line":194,"column":62}},"110":{"start":{"line":196,"column":4},"end":{"line":196,"column":77}},"111":{"start":{"line":196,"column":43},"end":{"line":196,"column":77}},"112":{"start":{"line":198,"column":4},"end":{"line":198,"column":70}},"113":{"start":{"line":198,"column":40},"end":{"line":198,"column":70}},"114":{"start":{"line":200,"column":4},"end":{"line":200,"column":80}},"115":{"start":{"line":200,"column":45},"end":{"line":200,"column":80}},"116":{"start":{"line":202,"column":4},"end":{"line":202,"column":56}},"117":{"start":{"line":202,"column":33},"end":{"line":202,"column":56}},"118":{"start":{"line":204,"column":4},"end":{"line":204,"column":66}},"119":{"start":{"line":204,"column":38},"end":{"line":204,"column":66}},"120":{"start":{"line":206,"column":4},"end":{"line":206,"column":48}},"121":{"start":{"line":206,"column":29},"end":{"line":206,"column":48}},"122":{"start":{"line":208,"column":4},"end":{"line":208,"column":52}},"123":{"start":{"line":208,"column":23},"end":{"line":208,"column":52}},"124":{"start":{"line":210,"column":4},"end":{"line":210,"column":59}},"125":{"start":{"line":210,"column":25},"end":{"line":210,"column":59}},"126":{"start":{"line":212,"column":4},"end":{"line":212,"column":43}},"127":{"start":{"line":212,"column":24},"end":{"line":212,"column":43}},"128":{"start":{"line":214,"column":4},"end":{"line":214,"column":45}},"129":{"start":{"line":214,"column":25},"end":{"line":214,"column":45}},"130":{"start":{"line":216,"column":4},"end":{"line":221,"column":5}},"131":{"start":{"line":217,"column":6},"end":{"line":217,"column":46}},"132":{"start":{"line":218,"column":6},"end":{"line":218,"column":48}},"133":{"start":{"line":219,"column":6},"end":{"line":219,"column":94}},"134":{"start":{"line":219,"column":33},"end":{"line":219,"column":94}},"135":{"start":{"line":220,"column":6},"end":{"line":220,"column":82}},"136":{"start":{"line":220,"column":33},"end":{"line":220,"column":82}},"137":{"start":{"line":223,"column":4},"end":{"line":225,"column":5}},"138":{"start":{"line":224,"column":6},"end":{"line":224,"column":72}},"139":{"start":{"line":224,"column":42},"end":{"line":224,"column":72}},"140":{"start":{"line":242,"column":4},"end":{"line":242,"column":76}},"141":{"start":{"line":243,"column":4},"end":{"line":249,"column":7}},"142":{"start":{"line":244,"column":6},"end":{"line":244,"column":61}},"143":{"start":{"line":246,"column":6},"end":{"line":246,"column":58}},"144":{"start":{"line":246,"column":32},"end":{"line":246,"column":56}},"145":{"start":{"line":247,"column":6},"end":{"line":247,"column":66}},"146":{"start":{"line":247,"column":43},"end":{"line":247,"column":64}},"147":{"start":{"line":248,"column":6},"end":{"line":248,"column":27}},"148":{"start":{"line":259,"column":4},"end":{"line":259,"column":54}},"149":{"start":{"line":261,"column":4},"end":{"line":270,"column":5}},"150":{"start":{"line":262,"column":6},"end":{"line":262,"column":63}},"151":{"start":{"line":263,"column":6},"end":{"line":263,"column":52}},"152":{"start":{"line":265,"column":6},"end":{"line":269,"column":7}},"153":{"start":{"line":266,"column":8},"end":{"line":266,"column":28}},"154":{"start":{"line":267,"column":13},"end":{"line":269,"column":7}},"155":{"start":{"line":268,"column":8},"end":{"line":268,"column":40}},"156":{"start":{"line":286,"column":4},"end":{"line":286,"column":39}},"157":{"start":{"line":287,"column":4},"end":{"line":287,"column":12}},"158":{"start":{"line":288,"column":4},"end":{"line":293,"column":5}},"159":{"start":{"line":289,"column":6},"end":{"line":289,"column":55}},"160":{"start":{"line":291,"column":6},"end":{"line":291,"column":56}},"161":{"start":{"line":292,"column":6},"end":{"line":292,"column":18}},"162":{"start":{"line":295,"column":4},"end":{"line":295,"column":100}},"163":{"start":{"line":296,"column":4},"end":{"line":296,"column":64}},"164":{"start":{"line":298,"column":4},"end":{"line":305,"column":7}},"165":{"start":{"line":299,"column":6},"end":{"line":304,"column":7}},"166":{"start":{"line":300,"column":8},"end":{"line":300,"column":35}},"167":{"start":{"line":302,"column":8},"end":{"line":302,"column":57}},"168":{"start":{"line":303,"column":8},"end":{"line":303,"column":16}},"169":{"start":{"line":307,"column":4},"end":{"line":307,"column":50}},"170":{"start":{"line":322,"column":4},"end":{"line":322,"column":12}},"171":{"start":{"line":323,"column":4},"end":{"line":328,"column":5}},"172":{"start":{"line":324,"column":6},"end":{"line":324,"column":55}},"173":{"start":{"line":326,"column":6},"end":{"line":326,"column":56}},"174":{"start":{"line":327,"column":6},"end":{"line":327,"column":18}},"175":{"start":{"line":329,"column":4},"end":{"line":329,"column":73}},"176":{"start":{"line":330,"column":4},"end":{"line":330,"column":74}},"177":{"start":{"line":332,"column":4},"end":{"line":339,"column":7}},"178":{"start":{"line":333,"column":6},"end":{"line":338,"column":7}},"179":{"start":{"line":334,"column":8},"end":{"line":334,"column":35}},"180":{"start":{"line":336,"column":8},"end":{"line":336,"column":57}},"181":{"start":{"line":337,"column":8},"end":{"line":337,"column":16}},"182":{"start":{"line":341,"column":4},"end":{"line":341,"column":50}},"183":{"start":{"line":344,"column":0},"end":{"line":344,"column":24}}},"branchMap":{"1":{"line":51,"type":"cond-expr","locations":[{"start":{"line":51,"column":70},"end":{"line":51,"column":73}},{"start":{"line":51,"column":76},"end":{"line":51,"column":92}}]},"2":{"line":51,"type":"binary-expr","locations":[{"start":{"line":51,"column":46},"end":{"line":51,"column":49}},{"start":{"line":51,"column":53},"end":{"line":51,"column":67}}]},"3":{"line":88,"type":"if","locations":[{"start":{"line":88,"column":4},"end":{"line":88,"column":4}},{"start":{"line":88,"column":4},"end":{"line":88,"column":4}}]},"4":{"line":107,"type":"if","locations":[{"start":{"line":107,"column":8},"end":{"line":107,"column":8}},{"start":{"line":107,"column":8},"end":{"line":107,"column":8}}]},"5":{"line":112,"type":"if","locations":[{"start":{"line":112,"column":6},"end":{"line":112,"column":6}},{"start":{"line":112,"column":6},"end":{"line":112,"column":6}}]},"6":{"line":115,"type":"if","locations":[{"start":{"line":115,"column":8},"end":{"line":115,"column":8}},{"start":{"line":115,"column":8},"end":{"line":115,"column":8}}]},"7":{"line":120,"type":"if","locations":[{"start":{"line":120,"column":6},"end":{"line":120,"column":6}},{"start":{"line":120,"column":6},"end":{"line":120,"column":6}}]},"8":{"line":126,"type":"if","locations":[{"start":{"line":126,"column":4},"end":{"line":126,"column":4}},{"start":{"line":126,"column":4},"end":{"line":126,"column":4}}]},"9":{"line":130,"type":"if","locations":[{"start":{"line":130,"column":4},"end":{"line":130,"column":4}},{"start":{"line":130,"column":4},"end":{"line":130,"column":4}}]},"10":{"line":162,"type":"if","locations":[{"start":{"line":162,"column":8},"end":{"line":162,"column":8}},{"start":{"line":162,"column":8},"end":{"line":162,"column":8}}]},"11":{"line":167,"type":"if","locations":[{"start":{"line":167,"column":6},"end":{"line":167,"column":6}},{"start":{"line":167,"column":6},"end":{"line":167,"column":6}}]},"12":{"line":170,"type":"if","locations":[{"start":{"line":170,"column":8},"end":{"line":170,"column":8}},{"start":{"line":170,"column":8},"end":{"line":170,"column":8}}]},"13":{"line":175,"type":"if","locations":[{"start":{"line":175,"column":6},"end":{"line":175,"column":6}},{"start":{"line":175,"column":6},"end":{"line":175,"column":6}}]},"14":{"line":188,"type":"if","locations":[{"start":{"line":188,"column":4},"end":{"line":188,"column":4}},{"start":{"line":188,"column":4},"end":{"line":188,"column":4}}]},"15":{"line":190,"type":"if","locations":[{"start":{"line":190,"column":4},"end":{"line":190,"column":4}},{"start":{"line":190,"column":4},"end":{"line":190,"column":4}}]},"16":{"line":192,"type":"if","locations":[{"start":{"line":192,"column":4},"end":{"line":192,"column":4}},{"start":{"line":192,"column":4},"end":{"line":192,"column":4}}]},"17":{"line":194,"type":"if","locations":[{"start":{"line":194,"column":4},"end":{"line":194,"column":4}},{"start":{"line":194,"column":4},"end":{"line":194,"column":4}}]},"18":{"line":196,"type":"if","locations":[{"start":{"line":196,"column":4},"end":{"line":196,"column":4}},{"start":{"line":196,"column":4},"end":{"line":196,"column":4}}]},"19":{"line":198,"type":"if","locations":[{"start":{"line":198,"column":4},"end":{"line":198,"column":4}},{"start":{"line":198,"column":4},"end":{"line":198,"column":4}}]},"20":{"line":200,"type":"if","locations":[{"start":{"line":200,"column":4},"end":{"line":200,"column":4}},{"start":{"line":200,"column":4},"end":{"line":200,"column":4}}]},"21":{"line":202,"type":"if","locations":[{"start":{"line":202,"column":4},"end":{"line":202,"column":4}},{"start":{"line":202,"column":4},"end":{"line":202,"column":4}}]},"22":{"line":204,"type":"if","locations":[{"start":{"line":204,"column":4},"end":{"line":204,"column":4}},{"start":{"line":204,"column":4},"end":{"line":204,"column":4}}]},"23":{"line":206,"type":"if","locations":[{"start":{"line":206,"column":4},"end":{"line":206,"column":4}},{"start":{"line":206,"column":4},"end":{"line":206,"column":4}}]},"24":{"line":208,"type":"if","locations":[{"start":{"line":208,"column":4},"end":{"line":208,"column":4}},{"start":{"line":208,"column":4},"end":{"line":208,"column":4}}]},"25":{"line":210,"type":"if","locations":[{"start":{"line":210,"column":4},"end":{"line":210,"column":4}},{"start":{"line":210,"column":4},"end":{"line":210,"column":4}}]},"26":{"line":212,"type":"if","locations":[{"start":{"line":212,"column":4},"end":{"line":212,"column":4}},{"start":{"line":212,"column":4},"end":{"line":212,"column":4}}]},"27":{"line":214,"type":"if","locations":[{"start":{"line":214,"column":4},"end":{"line":214,"column":4}},{"start":{"line":214,"column":4},"end":{"line":214,"column":4}}]},"28":{"line":216,"type":"if","locations":[{"start":{"line":216,"column":4},"end":{"line":216,"column":4}},{"start":{"line":216,"column":4},"end":{"line":216,"column":4}}]},"29":{"line":219,"type":"if","locations":[{"start":{"line":219,"column":6},"end":{"line":219,"column":6}},{"start":{"line":219,"column":6},"end":{"line":219,"column":6}}]},"30":{"line":220,"type":"if","locations":[{"start":{"line":220,"column":6},"end":{"line":220,"column":6}},{"start":{"line":220,"column":6},"end":{"line":220,"column":6}}]},"31":{"line":223,"type":"if","locations":[{"start":{"line":223,"column":4},"end":{"line":223,"column":4}},{"start":{"line":223,"column":4},"end":{"line":223,"column":4}}]},"32":{"line":224,"type":"if","locations":[{"start":{"line":224,"column":6},"end":{"line":224,"column":6}},{"start":{"line":224,"column":6},"end":{"line":224,"column":6}}]},"33":{"line":265,"type":"if","locations":[{"start":{"line":265,"column":6},"end":{"line":265,"column":6}},{"start":{"line":265,"column":6},"end":{"line":265,"column":6}}]},"34":{"line":267,"type":"if","locations":[{"start":{"line":267,"column":13},"end":{"line":267,"column":13}},{"start":{"line":267,"column":13},"end":{"line":267,"column":13}}]}},"code":["'use strict';","","Object.defineProperty(exports, \"__esModule\", {","  value: true","});","","var _fs = require('fs');","","var _fs2 = _interopRequireDefault(_fs);","","var _path = require('path');","","var _path2 = _interopRequireDefault(_path);","","var _assert = require('assert');","","var _assert2 = _interopRequireDefault(_assert);","","var _colorLogger = require('color-logger');","","var _colorLogger2 = _interopRequireDefault(_colorLogger);","","var _ASTUtil = require('./Util/ASTUtil.js');","","var _ASTUtil2 = _interopRequireDefault(_ASTUtil);","","var _ESParser = require('./Parser/ESParser');","","var _ESParser2 = _interopRequireDefault(_ESParser);","","var _PathResolver = require('./Util/PathResolver.js');","","var _PathResolver2 = _interopRequireDefault(_PathResolver);","","var _DocFactory = require('./Factory/DocFactory.js');","","var _DocFactory2 = _interopRequireDefault(_DocFactory);","","var _TestDocFactory = require('./Factory/TestDocFactory.js');","","var _TestDocFactory2 = _interopRequireDefault(_TestDocFactory);","","var _InvalidCodeLogger = require('./Util/InvalidCodeLogger.js');","","var _InvalidCodeLogger2 = _interopRequireDefault(_InvalidCodeLogger);","","var _Plugin = require('./Plugin/Plugin.js');","","var _Plugin2 = _interopRequireDefault(_Plugin);","","function _interopRequireDefault(obj) { return obj && obj.__esModule ? obj : { default: obj }; }","","const logger = new _colorLogger2.default('ESDoc');","","/**"," * API Documentation Generator."," *"," * @example"," * let config = {source: './src', destination: './esdoc'};"," * ESDoc.generate(config, (results, config)=>{"," *   console.log(results);"," * });"," */","class ESDoc {","  /**","   * Generate documentation.","   * @param {ESDocConfig} config - config for generation.","   * @param {function(results: Object[], asts: Object[], config: ESDocConfig)} publisher - callback for output html.","   */","  static generate(config, publisher) {","    (0, _assert2.default)(typeof publisher === 'function');","    (0, _assert2.default)(config.source);","    (0, _assert2.default)(config.destination);","","    _Plugin2.default.init(config.plugins);","    _Plugin2.default.onStart();","    config = _Plugin2.default.onHandleConfig(config);","","    this._setDefaultConfig(config);","    this._deprecatedConfig(config);","","    _colorLogger2.default.debug = !!config.debug;","    const includes = config.includes.map(v => new RegExp(v));","    const excludes = config.excludes.map(v => new RegExp(v));","","    let packageName = null;","    let mainFilePath = null;","    if (config.package) {","      try {","        const packageJSON = _fs2.default.readFileSync(config.package, { encode: 'utf8' });","        const packageConfig = JSON.parse(packageJSON);","        packageName = packageConfig.name;","        mainFilePath = packageConfig.main;","      } catch (e) {","        // ignore","      }","    }","","    let results = [];","    const asts = [];","    const sourceDirPath = _path2.default.resolve(config.source);","","    this._walk(config.source, filePath => {","      const relativeFilePath = _path2.default.relative(sourceDirPath, filePath);","      let match = false;","      for (const reg of includes) {","        if (relativeFilePath.match(reg)) {","          match = true;","          break;","        }","      }","      if (!match) return;","","      for (const reg of excludes) {","        if (relativeFilePath.match(reg)) return;","      }","","      console.log(`parse: ${ filePath }`);","      const temp = this._traverse(config, config.source, filePath, packageName, mainFilePath);","      if (!temp) return;","      results.push(...temp.results);","","      asts.push({ filePath: `source${ _path2.default.sep }${ relativeFilePath }`, ast: temp.ast });","    });","","    if (config.builtinExternal) {","      this._useBuiltinExternal(config, results);","    }","","    if (config.test) {","      this._generateForTest(config, results, asts);","    }","","    results = _Plugin2.default.onHandleTag(results);","","    try {","      publisher(results, asts, config);","    } catch (e) {","      _InvalidCodeLogger2.default.showError(e);","      process.exit(1);","    }","","    _Plugin2.default.onComplete();","  }","","  /**","   * Generate document from test code.","   * @param {ESDocConfig} config - config for generating.","   * @param {DocObject[]} results - push DocObject to this.","   * @param {AST[]} asts - push ast to this.","   * @private","   */","  static _generateForTest(config, results, asts) {","    const includes = config.test.includes.map(v => new RegExp(v));","    const excludes = config.test.excludes.map(v => new RegExp(v));","    const sourceDirPath = _path2.default.resolve(config.test.source);","","    this._walk(config.test.source, filePath => {","      const relativeFilePath = _path2.default.relative(sourceDirPath, filePath);","      let match = false;","      for (const reg of includes) {","        if (relativeFilePath.match(reg)) {","          match = true;","          break;","        }","      }","      if (!match) return;","","      for (const reg of excludes) {","        if (relativeFilePath.match(reg)) return;","      }","","      console.log(`parse: ${ filePath }`);","      const temp = this._traverseForTest(config, config.test.type, config.test.source, filePath);","      if (!temp) return;","      results.push(...temp.results);","","      asts.push({ filePath: `test${ _path2.default.sep }${ relativeFilePath }`, ast: temp.ast });","    });","  }","","  /**","   * set default config to specified config.","   * @param {ESDocConfig} config - specified config.","   * @private","   */","  static _setDefaultConfig(config) {","    if (!config.includes) config.includes = ['\\\\.(js|es6)$'];","","    if (!config.excludes) config.excludes = ['\\\\.config\\\\.(js|es6)$'];","","    if (!config.access) config.access = ['public', 'protected'];","","    if (!('autoPrivate' in config)) config.autoPrivate = true;","","    if (!('unexportIdentifier' in config)) config.unexportIdentifier = false;","","    if (!('builtinExternal' in config)) config.builtinExternal = true;","","    if (!('undocumentIdentifier' in config)) config.undocumentIdentifier = true;","","    if (!('coverage' in config)) config.coverage = true;","","    if (!('includeSource' in config)) config.includeSource = true;","","    if (!('lint' in config)) config.lint = true;","","    if (!config.index) config.index = './README.md';","","    if (!config.package) config.package = './package.json';","","    if (!config.styles) config.styles = [];","","    if (!config.scripts) config.scripts = [];","","    if (config.test) {","      (0, _assert2.default)(config.test.type);","      (0, _assert2.default)(config.test.source);","      if (!config.test.includes) config.test.includes = ['(spec|Spec|test|Test)\\\\.(js|es6)$'];","      if (!config.test.excludes) config.test.excludes = ['\\\\.config\\\\.(js|es6)$'];","    }","","    if (config.manual) {","      if (!('coverage' in config.manual)) config.manual.coverage = true;","    }","  }","","  /* eslint-disable no-unused-vars */","  static _deprecatedConfig(config) {}","  // do nothing","","","  /**","   * Use built-in external document.","   * built-in external has number, string, boolean, etc...","   * @param {ESDocConfig} config - config of esdoc.","   * @param {DocObject[]} results - this method pushes DocObject to this param.","   * @private","   * @see {@link src/BuiltinExternal/ECMAScriptExternal.js}","   */","  static _useBuiltinExternal(config, results) {","    const dirPath = _path2.default.resolve(__dirname, './BuiltinExternal/');","    this._walk(dirPath, filePath => {","      const temp = this._traverse(config, dirPath, filePath);","      /* eslint-disable no-return-assign */","      temp.results.forEach(v => v.builtinExternal = true);","      const res = temp.results.filter(v => v.kind === 'external');","      results.push(...res);","    });","  }","","  /**","   * walk recursive in directory.","   * @param {string} dirPath - target directory path.","   * @param {function(entryPath: string)} callback - callback for find file.","   * @private","   */","  static _walk(dirPath, callback) {","    const entries = _fs2.default.readdirSync(dirPath);","","    for (const entry of entries) {","      const entryPath = _path2.default.resolve
[...]
:{"line":94,"column":8},"end":{"line":96,"column":16}},{"start":{"line":97,"column":8},"end":{"line":99,"column":16}},{"start":{"line":100,"column":8},"end":{"line":101,"column":65}}]},"10":{"line":85,"type":"if","locations":[{"start":{"line":85,"column":10},"end":{"line":85,"column":10}},{"start":{"line":85,"column":10},"end":{"line":85,"column":10}}]},"11":{"line":87,"type":"if","locations":[{"start":{"line":87,"column":17},"end":{"line":87,"column":17}},{"start":{"line":87,"column":17},"end":{"line":87,"column":17}}]},"12":{"line":115,"type":"binary-expr","locations":[{"start":{"line":115,"column":19},"end":{"line":115,"column":29}},{"start":{"line":115,"column":33},"end":{"line":115,"column":35}}]},"13":{"line":120,"type":"if","locations":[{"start":{"line":120,"column":4},"end":{"line":120,"column":4}},{"start":{"line":120,"column":4},"end":{"line":120,"column":4}}]},"14":{"line":123,"type":"if","locations":[{"start":{"line":123,"column":6},"end":{"line":123,"column":6}},{"start":{"line":123,"column":6},"end":{"line":123,"column":6}}]},"15":{"line":125,"type":"if","locations":[{"start":{"line":125,"column":13},"end":{"line":125,"column":13}},{"start":{"line":125,"column":13},"end":{"line":125,"column":13}}]}},"code":["'use strict';","","Object.defineProperty(exports, \"__esModule\", {","  value: true","});","exports._results = undefined;","","var _path = require('path');","","var _path2 = _interopRequireDefault(_path);","","var _fsExtra = require('fs-extra');","","var _fsExtra2 = _interopRequireDefault(_fsExtra);","","var _DocBuilder = require('./DocBuilder.js');","","var _DocBuilder2 = _interopRequireDefault(_DocBuilder);","","var _ASTNodeContainer = require('../../Util/ASTNodeContainer.js');","","var _ASTNodeContainer2 = _interopRequireDefault(_ASTNodeContainer);","","function _interopRequireDefault(obj) { return obj && obj.__esModule ? obj : { default: obj }; }","","/** @ignore */","const _results = exports._results = [];","","/**"," * Lint Output Builder class."," */","class LintDocBuilder extends _DocBuilder2.default {","  /**","   * execute building output.","   */","  exec() {","    const results = [];","    const docs = this._find({ kind: ['method', 'function'] });","    for (const doc of docs) {","      if (doc.undocument) continue;","","      const node = _ASTNodeContainer2.default.getNode(doc.__docId__);","      const codeParams = this._getParamsFromNode(node);","      const docParams = this._getParamsFromDoc(doc);","      if (this._match(codeParams, docParams)) continue;","","      results.push({ node, doc, codeParams, docParams });","    }","","    _results.push(...results);","","    this._showResult(results);","  }","","  /**","   * get variable names of method argument.","   * @param {ASTNode} node - target node.","   * @returns {string[]} variable names.","   * @private","   */","  _getParamsFromNode(node) {","    let params;","    switch (node.type) {","      case 'FunctionExpression':","      case 'FunctionDeclaration':","        params = node.params || [];","        break;","      case 'ClassMethod':","        params = node.params || [];","        break;","      case 'ArrowFunctionExpression':","        params = node.params || [];","        break;","      default:","        throw new Error(`unknown node type. type = ${ node.type }`);","    }","","    const result = [];","    for (const param of params) {","      switch (param.type) {","        case 'Identifier':","          result.push(param.name);","          break;","        case 'AssignmentPattern':","          if (param.left.type === 'Identifier') {","            result.push(param.left.name);","          } else if (param.left.type === 'ObjectPattern') {","            result.push('*');","          }","          break;","        case 'RestElement':","          result.push(param.argument.name);","          break;","        case 'ObjectPattern':","          result.push('*');","          break;","        case 'ArrayPattern':","          result.push('*');","          break;","        default:","          throw new Error(`unknown param type: ${ param.type }`);","      }","    }","","    return result;","  }","","  /**","   * get variable names of method argument.","   * @param {DocObject} doc - target doc object.","   * @returns {string[]} variable names.","   * @private","   */","  _getParamsFromDoc(doc) {","    const params = doc.params || [];","    return params.map(v => v.name).filter(v => !v.includes('.')).filter(v => !v.includes('['));","  }","","  _match(codeParams, docParams) {","    if (codeParams.length !== docParams.length) return false;","","    for (let i = 0; i < codeParams.length; i++) {","      if (codeParams[i] === '*') {","        // nothing","      } else if (codeParams[i] !== docParams[i]) {","        return false;","      }","    }","","    return true;","  }","","  /**","   * show invalid lint code.","   * @param {Object[]} results - target results.","   * @param {DocObject} results[].doc","   * @param {ASTNode} results[].node","   * @param {string[]} results[].codeParams","   * @param {string[]} results[].docParams","   * @private","   */","  _showResult(results) {","    const sourceDir = _path2.default.dirname(_path2.default.resolve(this._config.source));","    for (const result of results) {","      const doc = result.doc;","      const node = result.node;","      const filePath = doc.longname.split('~')[0];","      const name = doc.longname.split('~')[1];","      const absFilePath = _path2.default.resolve(sourceDir, filePath);","      const comment = node.leadingComments[node.leadingComments.length - 1];","      const startLineNumber = comment.loc.start.line;","      const endLineNumber = node.loc.start.line;","      const lines = _fsExtra2.default.readFileSync(absFilePath).toString().split('\\n');","      const targetLines = [];","","      for (let i = startLineNumber - 1; i < endLineNumber; i++) {","        targetLines.push(`${ i }| ${ lines[i] }`);","      }","","      console.log(`\u001b[33mwarning: signature mismatch: ${ name } ${ filePath }#${ startLineNumber }\u001b[32m`);","      console.log(targetLines.join('\\n'));","      console.log('\u001b[0m');","    }","  }","}","exports.default = LintDocBuilder;"],"l":{"3":1,"6":1,"8":1,"10":1,"12":1,"14":1,"16":1,"18":1,"20":1,"22":1,"24":4,"27":1,"37":0,"38":0,"39":0,"40":0,"42":0,"43":0,"44":0,"45":0,"47":0,"50":0,"52":0,"62":0,"63":0,"66":0,"67":0,"69":0,"70":0,"72":0,"73":0,"75":0,"78":0,"79":0,"80":0,"82":0,"83":0,"85":0,"86":0,"87":0,"88":0,"90":0,"92":0,"93":0,"95":0,"96":0,"98":0,"99":0,"101":0,"105":0,"115":0,"116":0,"120":0,"122":0,"123":0,"125":0,"126":0,"130":0,"143":0,"144":0,"145":0,"146":0,"147":0,"148":0,"149":0,"150":0,"151":0,"152":0,"153":0,"154":0,"156":0,"157":0,"160":0,"161":0,"162":0,"166":1}},"/home/travis/build/npmtest/node-npmtest-esdoc/node_modules/esdoc/out/src/BuiltinExternal/ECMAScriptExternal.js":{"path":"/home/travis/build/npmtest/node-npmtest-esdoc/node_modules/esdoc/out/src/BuiltinExternal/ECMAScriptExternal.js","s":{},"b":{},"f":{},"fnMap":{},"statementMap":{},"branchMap":{},"code":["// https://developer.mozilla.org/en-US/docs/Web/JavaScript/Reference/Global_Objects","","// Value properties","/**"," * @external {Infinity} https://developer.mozilla.org/en-US/docs/Web/JavaScript/Reference/Global_Objects/Infinity"," */","","/**"," * @external {NaN} https://developer.mozilla.org/en-US/docs/Web/JavaScript/Reference/Global_Objects/NaN"," */","","/**"," * @external {undefined} https://developer.mozilla.org/en-US/docs/Web/JavaScript/Reference/Global_Objects/undefined"," */","","/**"," * @external {null} https://developer.mozilla.org/en-US/docs/Web/JavaScript/Reference/Global_Objects/null"," */","","// Fundamental objects","/**"," * @external {Object} https://developer.mozilla.org/en-US/docs/Web/JavaScript/Reference/Global_Objects/Object"," */","/**"," * @external {object} https://developer.mozilla.org/en-US/docs/Web/JavaScript/Reference/Global_Objects/Object"," */","","/**"," * @external {Function} https://developer.mozilla.org/en-US/docs/Web/JavaScript/Reference/Global_Objects/Function"," */","/**"," * @external {function} https://developer.mozilla.org/en-US/docs/Web/JavaScript/Reference/Global_Objects/Function"," */","","/**"," * @external {Boolean} https://developer.mozilla.org/en-US/docs/Web/JavaScript/Reference/Global_Objects/Boolean"," */","/**"," * @external {boolean} https://developer.mozilla.org/en-US/docs/Web/JavaScript/Reference/Global_Objects/Boolean"," */","","/**"," * @external {Symbol} https://developer.mozilla.org/en-US/docs/Web/JavaScript/Reference/Global_Objects/Symbol"," */","","/**"," * @external {Error} https://developer.mozilla.org/en-US/docs/Web/JavaScript/Reference/Global_Objects/Error"," */","","/**"," * @external {EvalError} https://developer.mozilla.org/en-US/docs/Web/JavaScript/Reference/Global_Objects/EvalError"," */","","/**"," * @external {InternalError} https://developer.mozilla.org/en-US/docs/Web/JavaScript/Reference/Global_Objects/InternalError"," */","","/**"," * @external {RangeError} https://developer.mozilla.org/en-US/docs/Web/JavaScript/Reference/Global_Objects/RangeError"," */","","/**"," * @external {ReferenceError} https://developer.mozilla.org/en-US/docs/Web/JavaScript/Reference/Global_Objects/ReferenceError"," */","","/**"," * @external {SyntaxError} https://developer.mozilla.org/en-US/docs/Web/JavaScript/Reference/Global_Objects/SyntaxError"," */","","/**"," * @external {TypeError} https://developer.mozilla.org/en-US/docs/Web/JavaScript/Reference/Global_Objects/TypeError"," */","","/**"," * @external {URIError} https://developer.mozilla.org/en-US/docs/Web/JavaScript/Reference/Global_Objects/URIError"," */","","// Numbers and dates","/**"," * @external {Number} https://developer.mozilla.org/en-US/docs/Web/JavaScript/Reference/Global_Objects/Number"," */","/**"," * @external {number} https://developer.mozilla.org/en-US/docs/Web/JavaScript/Reference/Global_Objects/Number"," */","","/**"," * @external {Date} https://developer.mozilla.org/en-US/docs/Web/JavaScript/Reference/Global_Objects/Date"," */","","// Text processing","/**"," * @external {String} https://developer.mozilla.org/en-US/docs/Web/JavaScript/Reference/Global_Objects/String"," */","/**"," * @external {string} https://developer.mozilla.org/en-US/docs/Web/JavaScript/Reference/Global_Objects/String"," */","","/**"," * @external {RegExp} https://developer.mozilla.org/en-US/docs/Web/JavaScript/Reference/Global_Objects/RegExp"," */","","// Indexed collections","/**"," * @external {Array} https://developer.mozilla.org/en-US/docs/Web/JavaScript/Reference/Global_Objects/Array"," */","","/**"," * @external {Int8Array} https://developer.mozilla.org/en-US/docs/Web/JavaScript/Reference/Global_Objects/Int8Array"," */","/**"," * @external {Uint8Array} https://developer.mozilla.org/en-US/docs/Web/JavaScript/Reference/Global_Objects/Uint8Array"," */","","/**"," * @external {Uint8ClampedArray} https://developer.mozilla.org/en-US/docs/Web/JavaScript/Reference/Global_Objects/Uint8ClampedArray"," */","","/**"," * @external {Int16Array} https://developer.mozilla.org/en-US/docs/Web/JavaScript/Reference/Global_Objects/Int16Array"," */","","/**"," * @external {Uint16Array} https://developer.mozilla.org/en-US/docs/Web/JavaScript/Reference/Global_Objects/Uint16Array"," */","","/**"," * @external {Int32Array} https://developer.mozilla.org/en-US/docs/Web/JavaScript/Reference/Global_Objects/Int32Array"," */","","/**"," * @external {Uint32Array} https://developer.mozilla.org/en-US/docs/Web/JavaScript/Reference/Global_Objects/Uint32Array"," */","","/**"," * @external {Float32Array} https://developer.mozilla.org/en-US/docs/Web/JavaScript/Reference/Global_Objects/Float32Array"," */","","/**"," * @external {Float64Array} https://developer.mozilla.org/en-US/docs/Web/JavaScript/Reference/Global_Objects/Float64Array"," */","","// Keyed collections","/**"," * @external {Map} https://developer.mozilla.org/en-US/docs/Web/JavaScript/Reference/Global_Objects/Map"," */","","/**"," * @external {Set} https://developer.mozilla.org/en-US/docs/Web/JavaScript/Reference/Global_Objects/Set"," */","","/**"," * @external {WeakMap} https://developer.mozilla.org/en-US/docs/Web/JavaScript/Reference/Global_Objects/WeakMap"," */","","/**"," * @external {WeakSet} https://developer.mozilla.org/en-US/docs/Web/JavaScript/Reference/Global_Objects/WeakSet"," */","","// Structured data","/**"," * @external {ArrayBuffer} https://developer.mozilla.org/en-US/docs/Web/JavaScript/Reference/Global_Objects/ArrayBuffer"," */","","/**"," * @external {DataView} https://developer.mozilla.org/en-US/docs/Web/JavaScript/Reference/Global_Objects/DataView"," */","","/**"," * @external {JSON} https://developer.mozilla.org/en-US/docs/Web/JavaScript/Reference/Global_Objects/JSON"," */","","// Control abstraction objects","/**"," * @external {Promise} https://developer.mozilla.org/en-US/docs/Web/JavaScript/Reference/Global_Objects/Promise"," */","","/**"," * @external {Generator} https://developer.mozilla.org/en-US/docs/Web/JavaScript/Reference/Global_Objects/Generator"," */","","/**"," * @external {GeneratorFunction} https://developer.mozilla.org/en-US/docs/Web/JavaScript/Reference/Global_Objects/GeneratorFunction"," */","","// Reflection","/**"," * @external {Reflect} https://developer.mozilla.org/en-US/docs/Web/JavaScript/Reference/Global_Objects/Reflect"," */","","/**"," * @external {Proxy} https://developer.mozilla.org/en-US/docs/Web/JavaScript/Reference/Global_Objects/Proxy"," */","\"use strict\";"],"l":{}},"/home/travis/build/npmtest/node-npmtest-esdoc/node_modules/esdoc/out/src/BuiltinExternal/WebAPIExternal.js":{"path":"/home/travis/build/npmtest/node-npmtest-esdoc/node_modules/esdoc/out/src/BuiltinExternal/WebAPIExternal.js","s":{},"b":{},"f":{},"fnMap":{},"statementMap":{},"branchMap":{},"code":["// https://developer.mozilla.org/en-US/docs/Web/API","","/**"," * @external {CanvasRenderingContext2D} https://developer.mozilla.org/en-US/docs/Web/API/CanvasRenderingContext2D"," */","","/**"," * @external {DocumentFragment} https://developer.mozilla.org/en-US/docs/Web/API/DocumentFragment"," */","","/**"," * @external {Element} https://developer.mozilla.org/en-US/docs/Web/API/Element"," */","","/**"," * @external {Event} https://developer.mozilla.org/en-US/docs/Web/API/Event"," */","","/**"," * @external {Node} https://developer.mozilla.org/en-US/docs/Web/API/Node"," */","","/**"," * @external {NodeList} https://developer.mozilla.org/en-US/docs/Web/API/NodeList"," */","","/**"," * @external {XMLHttpRequest} https://developer.mozilla.org/en/docs/Web/API/XMLHttpRequest"," */","","/**","* @external {AudioContext} https://developer.mozilla.org/en/docs/Web/API/AudioContext","*/","\"use strict\";"],"l":{}},"/home/travis/build/npmtest/node-npmtest-esdoc/node_modules/esdoc/out/src/Typedef/typedef.js":{"path":"/home/travis/build/npmtest/node-npmtest-esdoc/node_modules/esdoc/out/src/Typedef/typedef.js","s":{},"b":{},"f":{},"fnMap":{},"statementMap":{},"branchMap":{},"code":["/**"," * ESDoc config object."," * @typedef {Object} ESDocConfig"," * @property {!string} source - directory path of javascript source code."," * @property {!string} destination - directory path of output."," * @property {string} [title]"," * @property {string[]} [includes=[\"\\\\.(js|es6)$\"]]"," * @property {string[]} [excludes=[\"\\\\.config\\\\.(js|es6)$\"]]"," * @property {string[]} [access=[\"public\", \"protected\"]]"," * @property {boolean} [autoPrivate=true]"," * @property {boolean} [builtinExternal=true]"," * @property {boolean} [unexportIdentifier=false]"," * @property {boolean} [undocumentIdentifier=true]"," * @property {boolean} [coverage=true]"," * @property {boolean} [debug=false]"," * @property {string} [index=\"./README.md\"]"," * @property {string} [package=\"./package.json\"]"," * @property {string[]} [styles=[]]"," * @property {string[]} [scripts=[]]"," * @property {{type: string, source: string, includes: string[], excludes: string[]}} test"," * @property {Object} [manual]"," * @property {boolean} manual.globalIndex"," * @property {string} manual.asset"," * @property {string} manual.index"," * @property {string[]} manual.overview"," * @property {string[]} manual.design"," * @property {string[]} manual.installation"," * @property {string[]} manual.usage"," * @property {string[]} manual.tutorial"," * @property {string[]} manual.configuration"," * @property {string[]} manual.example"," * @property {string[]} manual.advanced"," * @property {string[]} manual.faq"," * @property {string[]} manual.changelog"," * @property {Object} [experimentalProposal]"," * @property {boolean} experimentalProposal.classProperties"," * @property {boolean} experimentalProposal.objectRestSpread"," * @property {boolean} experimentalProposal.doExpressions"," * @property {boolean} experimentalProposal.functionBind"," * @property {boolean} experimentalProposal.functionSent"," * @property {boolean} experimentalProposal.asyncGenerators"," * @property {boolean} experimentalProposal.decorators"," * @property {boolean} experimentalProposal.exportExtensions"," * @property {boolean} experimentalProposal.dynamicImport"," * @see https://esdoc.org/config.html"," */","","/**"," * doc comment tag."," * @typedef {Object} Tag"," * @property {string} tagName"," * @property {*} tagValue"," */","","/**"," * Parsed doc comment."," * @typedef {Object} DocObject"," */","","/**"," * @typedef {Object} AST"," * @property {Object} body"," * @property {Object[]} leadingComments"," * @see https://github.com/estree/estree"," */","","/**"," * @typedef {Object} ASTNode"," * @see https://github.com/estree/estree"," * @property {string} type"," * @property {Object} [superClass]"," * @property {Object[]} [leadingComments]"," * @property {Object[]} [trailingComments]"," * @property {Object[]} [body]"," * @property {ASTNode} [parent] - this is customize by ESDoc"," */","","/**"," * @typedef {Object} NPMPackageObject"," * @see https://docs.npmjs.com/files/package.json"," */","","/**"," * @typedef {Object} Taffy"," * @see http://www.taffydb.com/"," */","","/**"," * @typedef {Object} IceCap"," * @see https://github.com/h13i32maru/ice-cap"," */","","/**"," * @typedef {Object} CoverageObject"," * @property {string} coverage - ratio."," * @property {number} expectCount - all identifier count."," * @property {number} actualCount - documented identifier count."," * @property {Object<string, Object>} files - file name and coverage."," */","","/**"," * ESDocCLI uses argv"," * @typedef {Object} ESDocCLIArgv"," * @property {boolean} [h] - for help"," * @property {boolean} [help] - for help"," * @property {boolean} [v] - for version"," * @property {boolean} [version] - for version"," * @property {string} [c] - for config file path"," * @property {string[]} [_] - for source directory path"," */","","/**"," * @typedef {Object} DocTypedef"," */","","/**"," * @typedef {Object} PackageTypedef"," * @property {Object} repository"," * @property {string} repository.url"," */","","/**"," * @typedef {Object} ParsedParam"," * @property {boolean} [nullable]"," * @property {string[]} types"," * @property {boolean} [spread]"," * @property {boolean} [optional]"," * @property {string} [defaultValue]"," * @property {*} [defaultRaw]"," * @property {string} [name]"," * @property {string} [description]"," */","","/**"," * @todo remove this typedef."," * @typedef {Object} IceCapInstanceTypedef"," * @property {function} loop"," * @property {function} attr"," * @property {function} text"," * @property {function} load"," * @property {function} into"," * @property {function} drop"," * @property {string} html"," */","","/**"," * @todo remove this typedef."," * @typedef {Object} TaffyCursor"," * @property {function} each"," */","","/**"," * @typedef {Object} ManualConfigItem"," * @property {string} label"," * @property {string[]} paths"," * @property {string} [fileName]"," * @property {string} [reference]"," */","\"use strict\";"],"l":{}}}